Watching for file changes with StatReloader
"GET /camera-preview/10/?t=1756630865800 HTTP/1.1" 200 190699
"GET /detection-status/ HTTP/1.1" 200 64
"GET /camera-preview/10/?t=1756630867800 HTTP/1.1" 200 190177
"GET /camera-preview/10/?t=1756630869806 HTTP/1.1" 200 184080
"GET /detection-status/ HTTP/1.1" 200 64
"GET /camera-preview/10/?t=1756630871805 HTTP/1.1" 200 183515
"GET /all-cameras-preview/ HTTP/1.1" 200 142
"GET /detection-status/ HTTP/1.1" 200 64
"GET /camera-preview/10/?t=1756630875344 HTTP/1.1" 200 183490
"GET /camera-preview/10/?t=1756630877346 HTTP/1.1" 200 179345
"GET /camera-preview/10/?t=1756630879807 HTTP/1.1" 200 184393
"GET /detection-status/ HTTP/1.1" 200 64
"GET /camera-preview/10/?t=1756630881806 HTTP/1.1" 200 185723
"GET /detection-status/ HTTP/1.1" 200 64
- Broken pipe from ('127.0.0.1', 61928)
- Broken pipe from ('127.0.0.1', 61919)
- Broken pipe from ('127.0.0.1', 61930)
"GET /camera-preview/10/?t=1756630889344 HTTP/1.1" 200 209088
"GET /detection-status/ HTTP/1.1" 200 64
"GET /camera-preview/10/?t=1756630891348 HTTP/1.1" 200 200328
"GET /camera-preview/10/?t=1756630893345 HTTP/1.1" 200 99372
"GET /camera-preview/10/?t=1756630895356 HTTP/1.1" 200 208708
"GET /detection-status/ HTTP/1.1" 200 64
"GET /camera-preview/10/?t=1756630897355 HTTP/1.1" 200 217477
"GET /camera-preview/10/?t=1756630899343 HTTP/1.1" 200 221009
"GET /detection-status/ HTTP/1.1" 200 64
"GET /camera-preview/10/?t=1756630901348 HTTP/1.1" 200 241587
"GET /all-cameras-preview/ HTTP/1.1" 200 142
"GET /camera-preview/10/?t=1756630904762 HTTP/1.1" 200 203919
"GET /detection-status/ HTTP/1.1" 200 64
"GET /camera-preview/10/?t=1756630906761 HTTP/1.1" 200 233384
"GET /camera-preview/10/?t=1756630908775 HTTP/1.1" 200 232604
"GET /camera-preview/10/?t=1756630910760 HTTP/1.1" 200 229024
"GET /detection-status/ HTTP/1.1" 200 64
"GET /camera-preview/10/?t=1756630912765 HTTP/1.1" 200 213104
"GET /camera-preview/10/?t=1756630914807 HTTP/1.1" 200 198625
"GET /detection-status/ HTTP/1.1" 200 64
"GET /camera-preview/10/?t=1756630916799 HTTP/1.1" 200 198267
"GET /camera-preview/10/?t=1756630918800 HTTP/1.1" 200 197287
"GET /camera-preview/10/?t=1756630920810 HTTP/1.1" 200 198077
"GET /detection-status/ HTTP/1.1" 200 64
"GET /camera-preview/10/?t=1756630922800 HTTP/1.1" 200 198512
"GET /camera-preview/10/?t=1756630924800 HTTP/1.1" 200 196526
"GET /detection-status/ HTTP/1.1" 200 64
"GET /camera-preview/10/?t=1756630926813 HTTP/1.1" 200 198255
- Broken pipe from ('127.0.0.1', 61939)
"GET /camera-preview/10/?t=1756630930802 HTTP/1.1" 200 198225
"GET /detection-status/ HTTP/1.1" 200 64
"GET /all-cameras-preview/ HTTP/1.1" 200 142
"GET /camera-preview/10/?t=1756630934802 HTTP/1.1" 200 187513
"GET /detection-status/ HTTP/1.1" 200 64
"GET /camera-preview/10/?t=1756630936801 HTTP/1.1" 200 191076
"GET /camera-preview/10/?t=1756630938807 HTTP/1.1" 200 187853
"GET /camera-preview/10/?t=1756630940799 HTTP/1.1" 200 193125
"GET /detection-status/ HTTP/1.1" 200 64
"GET /camera-preview/10/?t=1756630942798 HTTP/1.1" 200 199449
"GET /camera-preview/10/?t=1756630944802 HTTP/1.1" 200 200899
"GET /detection-status/ HTTP/1.1" 200 64
"GET /camera-preview/10/?t=1756630946807 HTTP/1.1" 200 197661
"GET /camera-preview/10/?t=1756630948809 HTTP/1.1" 200 189268
"GET /camera-preview/10/?t=1756630950809 HTTP/1.1" 200 196998
"GET /detection-status/ HTTP/1.1" 200 64
"GET /camera-preview/10/?t=1756630952806 HTTP/1.1" 200 202990
"GET /camera-preview/10/?t=1756630954798 HTTP/1.1" 200 199053
"GET /detection-status/ HTTP/1.1" 200 64
"GET /camera-preview/10/?t=1756630956467 HTTP/1.1" 200 190900
"GET /camera-preview/10/?t=1756630958468 HTTP/1.1" 200 186642
"GET /camera-preview/10/?t=1756630960805 HTTP/1.1" 200 207464
"GET /detection-status/ HTTP/1.1" 200 64
"GET /all-cameras-preview/ HTTP/1.1" 200 142
"GET /camera-preview/10/?t=1756630964803 HTTP/1.1" 200 109865
"GET /detection-status/ HTTP/1.1" 200 64
"GET /camera-preview/10/?t=1756630966797 HTTP/1.1" 200 97874
"GET /detection-status/ HTTP/1.1" 200 64
"GET /detection-status/ HTTP/1.1" 200 64
Stopped all camera detection
"GET /multi-camera/stop/ HTTP/1.1" 302 0
"GET /cameras/ HTTP/1.1" 200 9875
"GET /detection-status/ HTTP/1.1" 200 64
Not Found: /camera-preview/10/
- Broken pipe from ('127.0.0.1', 61943)
"GET / HTTP/1.1" 200 16434
Not Found: /camera-preview/10/
- Broken pipe from ('127.0.0.1', 61949)
"GET /cameras/ HTTP/1.1" 200 9596
"GET /detection-status/ HTTP/1.1" 200 64
"GET /detection-status/ HTTP/1.1" 200 64
Not Found: /camera-preview/10/
- Broken pipe from ('127.0.0.1', 62024)
"GET /detection-status/ HTTP/1.1" 200 64
Not Found: /camera-preview/10/
- Broken pipe from ('127.0.0.1', 62031)
Not Found: /camera-preview/10/
- Broken pipe from ('127.0.0.1', 62029)
"GET /detection-status/ HTTP/1.1" 200 64
"GET /detection-status/ HTTP/1.1" 200 64
"GET /all-cameras-preview/ HTTP/1.1" 200 149
"GET /detection-status/ HTTP/1.1" 200 64
"GET /all-cameras-preview/ HTTP/1.1" 200 149
"GET /detection-status/ HTTP/1.1" 200 64
"GET /detection-status/ HTTP/1.1" 200 64
"GET /detection-status/ HTTP/1.1" 200 64
"GET /all-cameras-preview/ HTTP/1.1" 200 149
"GET /detection-status/ HTTP/1.1" 200 64
"GET /detection-status/ HTTP/1.1" 200 64
"GET /detection-status/ HTTP/1.1" 200 64
"GET /detection-status/ HTTP/1.1" 200 64
"GET /detection-status/ HTTP/1.1" 200 64
"GET /all-cameras-preview/ HTTP/1.1" 200 149
"GET /detection-status/ HTTP/1.1" 200 64
"GET /all-cameras-preview/ HTTP/1.1" 200 149
"GET /all-cameras-preview/ HTTP/1.1" 200 149
"GET /detection-status/ HTTP/1.1" 200 64
"GET /all-cameras-preview/ HTTP/1.1" 200 149
"GET /detection-status/ HTTP/1.1" 200 64
"GET /all-cameras-preview/ HTTP/1.1" 200 149
"GET /detection-status/ HTTP/1.1" 200 64
"GET /detection-status/ HTTP/1.1" 200 64
"GET /detection-status/ HTTP/1.1" 200 64
"GET /all-cameras-preview/ HTTP/1.1" 200 149
"GET /detection-status/ HTTP/1.1" 200 64
"GET /all-cameras-preview/ HTTP/1.1" 200 149
C:\Users\USER\Desktop\Missing-Person-Detection-System\core\missingperson\views.py changed, reloading.
Watching for file changes with StatReloader
C:\Users\USER\Desktop\Missing-Person-Detection-System\core\missingperson\views.py changed, reloading.
Watching for file changes with StatReloader
C:\Users\USER\Desktop\Missing-Person-Detection-System\core\missingperson\views.py changed, reloading.
Watching for file changes with StatReloader
"GET /detection-status/ HTTP/1.1" 200 64
"GET /detection-status/ HTTP/1.1" 200 64
"GET /detection-status/ HTTP/1.1" 200 64
"GET /detection-status/ HTTP/1.1" 200 64
"GET /all-cameras-preview/ HTTP/1.1" 200 149
"GET /detection-status/ HTTP/1.1" 200 64
"GET /detection-status/ HTTP/1.1" 200 64
"GET /all-cameras-preview/ HTTP/1.1" 200 149
Starting multi-camera detection
Starting camera processor for: ph2 (ID: 10)
Started detection thread for camera: ph2 (ID: 10)
Detection started on 1 cameras
"GET /multi-camera/start/ HTTP/1.1" 200 1023
Successfully opened camera: ph2
"GET /detection-status/ HTTP/1.1" 200 75
"GET /detection-status/ HTTP/1.1" 200 75
"GET /cameras/edit/10/ HTTP/1.1" 200 2160
"POST /cameras/edit/10/ HTTP/1.1" 302 0
"GET /cameras/ HTTP/1.1" 200 9874
"GET /detection-status/ HTTP/1.1" 200 75
"GET /all-cameras-preview/ HTTP/1.1" 200 142
"GET /camera-preview/10/ HTTP/1.1" 200 202311
"GET /camera-preview/10/?t=1756631378099 HTTP/1.1" 200 203939
"GET /detection-status/ HTTP/1.1" 200 75
"GET /camera-preview/10/?t=1756631380802 HTTP/1.1" 200 217790
"GET /camera-preview/10/?t=1756631382094 HTTP/1.1" 200 215460
"GET /camera-preview/10/?t=1756631384097 HTTP/1.1" 200 213760
"GET /detection-status/ HTTP/1.1" 200 75
"GET /camera-preview/10/?t=1756631386105 HTTP/1.1" 200 214572
"GET /camera-preview/10/?t=1756631388096 HTTP/1.1" 200 219893
"GET /detection-status/ HTTP/1.1" 200 75
"GET /camera-preview/10/?t=1756631390100 HTTP/1.1" 200 219295
"GET /camera-preview/10/?t=1756631392095 HTTP/1.1" 200 219585
"GET /camera-preview/10/?t=1756631394106 HTTP/1.1" 200 157555
"GET /detection-status/ HTTP/1.1" 200 75
"GET /camera-preview/10/?t=1756631396106 HTTP/1.1" 200 141767
"GET /camera-preview/10/?t=1756631398095 HTTP/1.1" 200 230597
"GET /detection-status/ HTTP/1.1" 200 75
"GET /camera-preview/10/?t=1756631400102 HTTP/1.1" 200 259397
"GET /camera-preview/10/?t=1756631402093 HTTP/1.1" 200 243088
"GET /camera-preview/10/?t=1756631404106 HTTP/1.1" 200 251535
"GET /detection-status/ HTTP/1.1" 200 75
"GET /all-cameras-preview/ HTTP/1.1" 200 142
- Broken pipe from ('127.0.0.1', 62315)
"GET /detection-status/ HTTP/1.1" 200 75
"GET /camera-preview/10/?t=1756631408101 HTTP/1.1" 200 242848
"GET /camera-preview/10/?t=1756631410467 HTTP/1.1" 200 242285
"GET /camera-preview/10/?t=1756631412476 HTTP/1.1" 200 232771
"GET /camera-preview/10/?t=1756631414480 HTTP/1.1" 200 207223
"GET /detection-status/ HTTP/1.1" 200 75
"GET /camera-preview/10/?t=1756631416477 HTTP/1.1" 200 209398
"GET /camera-preview/10/?t=1756631418476 HTTP/1.1" 200 193703
"GET /detection-status/ HTTP/1.1" 200 75
"GET /camera-preview/10/?t=1756631420475 HTTP/1.1" 200 201204
"GET /camera-preview/10/?t=1756631422472 HTTP/1.1" 200 242593
"GET /camera-preview/10/?t=1756631424480 HTTP/1.1" 200 217647
"GET /detection-status/ HTTP/1.1" 200 75
"GET /camera-preview/10/?t=1756631426470 HTTP/1.1" 200 166616
"GET /camera-preview/10/?t=1756631428470 HTTP/1.1" 200 205064
"GET /detection-status/ HTTP/1.1" 200 75
- Broken pipe from ('127.0.0.1', 62342)
"GET /camera-preview/10/?t=1756631432469 HTTP/1.1" 200 202732
"GET /detection-status/ HTTP/1.1" 200 75
"GET /camera-preview/10/?t=1756631434468 HTTP/1.1" 200 203787
"GET /all-cameras-preview/ HTTP/1.1" 200 142
"GET /camera-preview/10/ HTTP/1.1" 200 203986
"GET /camera-preview/10/?t=1756631437460 HTTP/1.1" 200 204131
"GET /camera-preview/10/?t=1756631439450 HTTP/1.1" 200 202879
"GET /detection-status/ HTTP/1.1" 200 75
"GET /camera-preview/10/?t=1756631441451 HTTP/1.1" 200 202694
"GET /camera-preview/10/?t=1756631443795 HTTP/1.1" 200 211082
"GET /detection-status/ HTTP/1.1" 200 75
"GET /camera-preview/10/?t=1756631445809 HTTP/1.1" 200 210655
"GET /camera-preview/10/?t=1756631447796 HTTP/1.1" 200 205399
"GET /camera-preview/10/?t=1756631449803 HTTP/1.1" 200 210462
"GET /detection-status/ HTTP/1.1" 200 75
"GET /camera-preview/10/?t=1756631451803 HTTP/1.1" 200 206032
"GET /camera-preview/10/?t=1756631453448 HTTP/1.1" 200 204069
"GET /detection-status/ HTTP/1.1" 200 75
"GET /camera-preview/10/?t=1756631455456 HTTP/1.1" 200 203144
"GET /camera-preview/10/?t=1756631457800 HTTP/1.1" 200 210661
"GET /admin/missingperson/missingperson/ HTTP/1.1" 200 11249
"GET /admin/jsi18n/ HTTP/1.1" 200 3342
"GET /camera-preview/10/?t=1756631459808 HTTP/1.1" 200 212257
"GET /detection-status/ HTTP/1.1" 200 75
"GET /admin/missingperson/missingperson/1/change/ HTTP/1.1" 200 17484
"GET /admin/jsi18n/ HTTP/1.1" 200 3342
"GET /camera-preview/10/?t=1756631461799 HTTP/1.1" 200 212454
"GET /camera-preview/10/?t=1756631463798 HTTP/1.1" 200 210914
"GET /detection-status/ HTTP/1.1" 200 75
"GET /all-cameras-preview/ HTTP/1.1" 200 142
"GET /camera-preview/10/?t=1756631465807 HTTP/1.1" 200 211144
"GET /camera-preview/10/?t=1756631468804 HTTP/1.1" 200 209707
"GET /detection-status/ HTTP/1.1" 200 75
"GET /camera-preview/10/?t=1756631470805 HTTP/1.1" 200 211236
"GET /camera-preview/10/?t=1756631472219 HTTP/1.1" 200 196518
"GET /camera-preview/10/?t=1756631474229 HTTP/1.1" 200 196597
"GET /detection-status/ HTTP/1.1" 200 75
"GET /camera-preview/10/?t=1756631476806 HTTP/1.1" 200 210194
"GET /camera-preview/10/?t=1756631478803 HTTP/1.1" 200 195357
"GET /detection-status/ HTTP/1.1" 200 75
"GET /camera-preview/10/?t=1756631480907 HTTP/1.1" 200 175765
"GET /camera-preview/10/?t=1756631482801 HTTP/1.1" 200 179991
"GET /camera-preview/10/?t=1756631484823 HTTP/1.1" 200 180561
"GET /detection-status/ HTTP/1.1" 200 75
"GET /camera-preview/10/?t=1756631486796 HTTP/1.1" 200 190420
"GET /camera-preview/10/?t=1756631488837 HTTP/1.1" 200 189503
"GET /detection-status/ HTTP/1.1" 200 75
"GET /camera-preview/10/?t=1756631490802 HTTP/1.1" 200 189140
"GET /camera-preview/10/?t=1756631492800 HTTP/1.1" 200 192492
"GET /camera-preview/10/?t=1756631494839 HTTP/1.1" 200 187954
"GET /detection-status/ HTTP/1.1" 200 75
"GET /all-cameras-preview/ HTTP/1.1" 200 142
"GET /camera-preview/10/?t=1756631498795 HTTP/1.1" 200 189066
"GET /detection-status/ HTTP/1.1" 200 75
"GET /camera-preview/10/?t=1756631500802 HTTP/1.1" 200 191428
"GET /camera-preview/10/?t=1756631502667 HTTP/1.1" 200 195337
"GET /camera-preview/10/?t=1756631504720 HTTP/1.1" 200 189224
"GET /detection-status/ HTTP/1.1" 200 75
"GET /camera-preview/10/?t=1756631506785 HTTP/1.1" 200 197766
"GET /camera-preview/10/?t=1756631508674 HTTP/1.1" 200 206099
"GET /detection-status/ HTTP/1.1" 200 75
"GET /camera-preview/10/?t=1756631510665 HTTP/1.1" 200 204308
"GET /camera-preview/10/?t=1756631512803 HTTP/1.1" 200 211579
"GET /detection-status/ HTTP/1.1" 200 75
"GET /camera-preview/10/?t=1756631515162 HTTP/1.1" 200 212407
"GET /camera-preview/10/?t=1756631516807 HTTP/1.1" 200 212655
"GET /camera-preview/10/?t=1756631518794 HTTP/1.1" 200 212887
"GET /detection-status/ HTTP/1.1" 200 75
"GET /camera-preview/10/?t=1756631520796 HTTP/1.1" 200 213237
"GET /camera-preview/10/?t=1756631522794 HTTP/1.1" 200 212190
"GET /camera-preview/10/?t=1756631524815 HTTP/1.1" 200 213384
"GET /detection-status/ HTTP/1.1" 200 75
"GET /all-cameras-preview/ HTTP/1.1" 200 142
"GET /camera-preview/10/?t=1756631528798 HTTP/1.1" 200 212131
"GET /detection-status/ HTTP/1.1" 200 75
"GET /camera-preview/10/?t=1756631530807 HTTP/1.1" 200 213345
"GET /camera-preview/10/?t=1756631532800 HTTP/1.1" 200 211877
"GET /detection-status/ HTTP/1.1" 200 75
- Broken pipe from ('127.0.0.1', 62314)
"GET /camera-preview/10/?t=1756631536806 HTTP/1.1" 200 212978
"GET /camera-preview/10/?t=1756631538799 HTTP/1.1" 200 212651
"GET /detection-status/ HTTP/1.1" 200 75
"GET /camera-preview/10/?t=1756631540800 HTTP/1.1" 200 214197
"GET /camera-preview/10/?t=1756631542804 HTTP/1.1" 200 213549
"GET /detection-status/ HTTP/1.1" 200 75
"GET /camera-preview/10/?t=1756631544801 HTTP/1.1" 200 212636
"GET /camera-preview/10/?t=1756631546884 HTTP/1.1" 200 213219
"GET /camera-preview/10/?t=1756631548802 HTTP/1.1" 200 213040
"GET /detection-status/ HTTP/1.1" 200 75
"GET /camera-preview/10/?t=1756631550796 HTTP/1.1" 200 213217
"GET /camera-preview/10/?t=1756631552801 HTTP/1.1" 200 212417
"GET /camera-preview/10/?t=1756631554801 HTTP/1.1" 200 213122
"GET /detection-status/ HTTP/1.1" 200 75
"GET /all-cameras-preview/ HTTP/1.1" 200 142
"GET /camera-preview/10/?t=1756631556803 HTTP/1.1" 200 212956
"GET /detection-status/ HTTP/1.1" 200 75
"GET /camera-preview/10/?t=1756631560794 HTTP/1.1" 200 211451
"GET /camera-preview/10/?t=1756631562807 HTTP/1.1" 200 211347
"GET /camera-preview/10/?t=1756631564803 HTTP/1.1" 200 210131
"GET /detection-status/ HTTP/1.1" 200 75
"GET /camera-preview/10/?t=1756631566809 HTTP/1.1" 200 210802
"GET /camera-preview/10/?t=1756631568809 HTTP/1.1" 200 213778
"GET /detection-status/ HTTP/1.1" 200 75
"GET /camera-preview/10/?t=1756631570091 HTTP/1.1" 200 212253
"GET /camera-preview/10/?t=1756631572808 HTTP/1.1" 200 213103
"GET /camera-preview/10/?t=1756631574800 HTTP/1.1" 200 212625
"GET /detection-status/ HTTP/1.1" 200 75
"GET /camera-preview/10/?t=1756631576798 HTTP/1.1" 200 214274
"GET /camera-preview/10/?t=1756631578800 HTTP/1.1" 200 213248
"GET /detection-status/ HTTP/1.1" 200 75
"GET /camera-preview/10/?t=1756631580811 HTTP/1.1" 200 213827
"GET /camera-preview/10/?t=1756631582822 HTTP/1.1" 200 213038
"GET /camera-preview/10/?t=1756631584861 HTTP/1.1" 200 213973
"GET /detection-status/ HTTP/1.1" 200 75
"GET /all-cameras-preview/ HTTP/1.1" 200 142
"GET /camera-preview/10/?t=1756631588809 HTTP/1.1" 200 213356
"GET /detection-status/ HTTP/1.1" 200 75
"GET /camera-preview/10/?t=1756631590802 HTTP/1.1" 200 213523
"GET /camera-preview/10/?t=1756631592810 HTTP/1.1" 200 213097
"GET /camera-preview/10/?t=1756631594809 HTTP/1.1" 200 213679
"GET /detection-status/ HTTP/1.1" 200 75
"GET /camera-preview/10/?t=1756631596803 HTTP/1.1" 200 212997
"GET /camera-preview/10/?t=1756631598807 HTTP/1.1" 200 213602
"GET /detection-status/ HTTP/1.1" 200 75
"GET /camera-preview/10/?t=1756631600894 HTTP/1.1" 200 213835
"GET /camera-preview/10/?t=1756631602799 HTTP/1.1" 200 213939
"GET /camera-preview/10/?t=1756631604804 HTTP/1.1" 200 214018
"GET /detection-status/ HTTP/1.1" 200 75
"GET /camera-preview/10/?t=1756631607225 HTTP/1.1" 200 213729
"GET /camera-preview/10/?t=1756631609891 HTTP/1.1" 200 213513
"GET /detection-status/ HTTP/1.1" 200 75
"GET /camera-preview/10/?t=1756631612493 HTTP/1.1" 200 213296
"GET /detection-status/ HTTP/1.1" 200 75
"GET /camera-preview/10/?t=1756631614804 HTTP/1.1" 200 214064
"GET /all-cameras-preview/ HTTP/1.1" 200 142
C:\Users\USER\Desktop\Missing-Person-Detection-System\core\missingperson\views.py changed, reloading.
Watching for file changes with StatReloader
"GET /camera-preview/10/?t=1756631630338 HTTP/1.1" 200 212490
"GET /detection-status/ HTTP/1.1" 200 64
"GET /camera-preview/10/?t=1756631631836 HTTP/1.1" 200 212311
C:\Users\USER\Desktop\Missing-Person-Detection-System\core\missingperson\views.py changed, reloading.
Watching for file changes with StatReloader
C:\Users\USER\Desktop\Missing-Person-Detection-System\core\missingperson\views.py changed, reloading.
Watching for file changes with StatReloader
"GET /detection-status/ HTTP/1.1" 200 64
"GET /all-cameras-preview/ HTTP/1.1" 200 142
"GET /camera-preview/10/?t=1756631681796 HTTP/1.1" 200 212807
"GET /camera-preview/10/ HTTP/1.1" 200 212811
"GET /camera-preview/10/?t=1756631685797 HTTP/1.1" 200 213283
"GET /camera-preview/10/?t=1756631688542 HTTP/1.1" 200 212512
"GET /camera-preview/10/?t=1756631689851 HTTP/1.1" 200 211745
"GET /camera-preview/10/?t=1756631692306 HTTP/1.1" 200 213768
"GET /camera-preview/10/?t=1756631693813 HTTP/1.1" 200 214073
C:\Users\USER\Desktop\Missing-Person-Detection-System\core\missingperson\views.py changed, reloading.
Watching for file changes with StatReloader
C:\Users\USER\Desktop\Missing-Person-Detection-System\core\missingperson\views.py changed, reloading.
Watching for file changes with StatReloader
"GET /detection-status/ HTTP/1.1" 200 64
"GET /all-cameras-preview/ HTTP/1.1" 200 142
- Broken pipe from ('127.0.0.1', 62810)
"GET /camera-preview/10/?t=1756631723027 HTTP/1.1" 200 214122
"GET /detection-status/ HTTP/1.1" 200 64
"GET /camera-preview/10/?t=1756631725762 HTTP/1.1" 200 214717
"GET /camera-preview/10/?t=1756631727774 HTTP/1.1" 200 211649
"GET /camera-preview/10/?t=1756631729795 HTTP/1.1" 200 213298
"GET /detection-status/ HTTP/1.1" 200 64
- Broken pipe from ('127.0.0.1', 62804)
"GET /camera-preview/10/?t=1756631733801 HTTP/1.1" 200 183410
"GET /detection-status/ HTTP/1.1" 200 64
"GET /camera-preview/10/?t=1756631735815 HTTP/1.1" 200 182813
"GET /all-cameras-preview/ HTTP/1.1" 200 142
"GET /camera-preview/10/?t=1756631738807 HTTP/1.1" 200 179896
"GET /detection-status/ HTTP/1.1" 200 64
- Broken pipe from ('127.0.0.1', 62808)
"GET /camera-preview/10/?t=1756631742798 HTTP/1.1" 200 182867
"GET /detection-status/ HTTP/1.1" 200 64
"GET /camera-preview/10/?t=1756631744805 HTTP/1.1" 200 174468
"GET /camera-preview/10/?t=1756631746804 HTTP/1.1" 200 183101
"GET /camera-preview/10/?t=1756631748796 HTTP/1.1" 200 182633
"GET /detection-status/ HTTP/1.1" 200 64
"GET /camera-preview/10/?t=1756631750805 HTTP/1.1" 200 151786
"GET /camera-preview/10/?t=1756631752801 HTTP/1.1" 200 173136
"GET /detection-status/ HTTP/1.1" 200 64
"GET /camera-preview/10/?t=1756631754805 HTTP/1.1" 200 154409
"GET /camera-preview/10/?t=1756631756800 HTTP/1.1" 200 172682
"GET /camera-preview/10/?t=1756631758801 HTTP/1.1" 200 165541
"GET /detection-status/ HTTP/1.1" 200 64
"GET /camera-preview/10/?t=1756631760811 HTTP/1.1" 200 195636
"GET /camera-preview/10/?t=1756631762806 HTTP/1.1" 200 218375
"GET /camera-preview/10/?t=1756631764804 HTTP/1.1" 200 213203
"GET /detection-status/ HTTP/1.1" 200 64
"GET /all-cameras-preview/ HTTP/1.1" 200 142
"GET /camera-preview/10/?t=1756631766808 HTTP/1.1" 200 212388
"GET /camera-preview/10/?t=1756631769802 HTTP/1.1" 200 216839
"GET /detection-status/ HTTP/1.1" 200 64
"GET /camera-preview/10/?t=1756631771799 HTTP/1.1" 200 217622
"GET /camera-preview/10/?t=1756631773800 HTTP/1.1" 200 210411
"GET /detection-status/ HTTP/1.1" 200 64
"GET /camera-preview/10/?t=1756631775797 HTTP/1.1" 200 210856
"GET /camera-preview/10/?t=1756631777806 HTTP/1.1" 200 211626
"GET /camera-preview/10/?t=1756631779802 HTTP/1.1" 200 210720
"GET /detection-status/ HTTP/1.1" 200 64
"GET /camera-preview/10/?t=1756631781802 HTTP/1.1" 200 209655
"GET /camera-preview/10/?t=1756631783805 HTTP/1.1" 200 209922
"GET /detection-status/ HTTP/1.1" 200 64
"GET /camera-preview/10/?t=1756631785803 HTTP/1.1" 200 210390
"GET /camera-preview/10/?t=1756631787803 HTTP/1.1" 200 211664
"GET /detection-status/ HTTP/1.1" 200 64
"GET /camera-preview/10/?t=1756631790037 HTTP/1.1" 200 211140
"GET /camera-preview/10/?t=1756631791800 HTTP/1.1" 200 192104
"GET /camera-preview/10/?t=1756631793797 HTTP/1.1" 200 191831
"GET /detection-status/ HTTP/1.1" 200 64
"GET /all-cameras-preview/ HTTP/1.1" 200 142
"GET /camera-preview/10/?t=1756631795804 HTTP/1.1" 200 191073
"GET /camera-preview/10/?t=1756631798804 HTTP/1.1" 200 187886
"GET /detection-status/ HTTP/1.1" 200 64
"GET /camera-preview/10/?t=1756631800827 HTTP/1.1" 200 187491
"GET /camera-preview/10/?t=1756631802958 HTTP/1.1" 200 187065
"GET /camera-preview/10/?t=1756631804810 HTTP/1.1" 200 185499
"GET /detection-status/ HTTP/1.1" 200 64
"GET /camera-preview/10/?t=1756631806807 HTTP/1.1" 200 185131
"GET /camera-preview/10/?t=1756631808805 HTTP/1.1" 200 184218
"GET /detection-status/ HTTP/1.1" 200 64
"GET /camera-preview/10/?t=1756631810811 HTTP/1.1" 200 184385
"GET /camera-preview/10/?t=1756631812796 HTTP/1.1" 200 190787
"GET /camera-preview/10/?t=1756631814796 HTTP/1.1" 200 184730
"GET /detection-status/ HTTP/1.1" 200 64
"GET /camera-preview/10/?t=1756631816798 HTTP/1.1" 200 190891
"GET /camera-preview/10/?t=1756631818803 HTTP/1.1" 200 188356
"GET /detection-status/ HTTP/1.1" 200 64
"GET /camera-preview/10/?t=1756631820810 HTTP/1.1" 200 181535
"GET /camera-preview/10/?t=1756631822714 HTTP/1.1" 200 195746
"GET /detection-status/ HTTP/1.1" 200 64
"GET /camera-preview/10/?t=1756631824720 HTTP/1.1" 200 197581
"GET /all-cameras-preview/ HTTP/1.1" 200 142
"GET /camera-preview/10/?t=1756631827829 HTTP/1.1" 200 197153
"GET /cameras/delete/10/ HTTP/1.1" 200 721
"POST /cameras/delete/10/ HTTP/1.1" 302 0
"GET /cameras/ HTTP/1.1" 200 8648
"GET /detection-status/ HTTP/1.1" 200 64
"GET /all-cameras-preview/ HTTP/1.1" 200 2
"GET /cameras/add/ HTTP/1.1" 200 2157
"POST /cameras/add/ HTTP/1.1" 302 0
"GET /cameras/ HTTP/1.1" 200 9871
"GET /detection-status/ HTTP/1.1" 200 64
"GET /all-cameras-preview/ HTTP/1.1" 200 141
"GET /camera-preview/11/ HTTP/1.1" 200 181758
"GET /camera-preview/11/?t=1756631850308 HTTP/1.1" 200 198040
"GET /detection-status/ HTTP/1.1" 200 64
"GET /camera-preview/11/?t=1756631852315 HTTP/1.1" 200 199185
- Broken pipe from ('127.0.0.1', 62802)
"GET /camera-preview/11/?t=1756631856320 HTTP/1.1" 200 181845
"GET /detection-status/ HTTP/1.1" 200 64
- Broken pipe from ('127.0.0.1', 62803)
"GET /camera-preview/11/?t=1756631860322 HTTP/1.1" 200 198069
"GET /detection-status/ HTTP/1.1" 200 64
- Broken pipe from ('127.0.0.1', 62920)
"GET /camera-preview/11/?t=1756631864315 HTTP/1.1" 200 180648
"GET /detection-status/ HTTP/1.1" 200 64
- Broken pipe from ('127.0.0.1', 62981)
- Broken pipe from ('127.0.0.1', 62985)
"GET /camera-preview/11/?t=1756631870312 HTTP/1.1" 200 168671
"GET /detection-status/ HTTP/1.1" 200 64
"GET /camera-preview/11/?t=1756631872307 HTTP/1.1" 200 231735
"GET /camera-preview/11/?t=1756631874808 HTTP/1.1" 200 220606
"GET /detection-status/ HTTP/1.1" 200 64
"GET /camera-preview/11/?t=1756631876796 HTTP/1.1" 200 170662
"GET /all-cameras-preview/ HTTP/1.1" 200 141
"GET /camera-preview/11/ HTTP/1.1" 200 246398
"GET /camera-preview/11/?t=1756631880798 HTTP/1.1" 200 253543
"GET /detection-status/ HTTP/1.1" 200 64
"GET /camera-preview/11/?t=1756631882864 HTTP/1.1" 200 249803
"GET /camera-preview/11/?t=1756631884817 HTTP/1.1" 200 262308
"GET /camera-preview/11/?t=1756631886809 HTTP/1.1" 200 218860
"GET /detection-status/ HTTP/1.1" 200 64
"GET /camera-preview/11/?t=1756631888798 HTTP/1.1" 200 159580
"GET /camera-preview/11/?t=1756631890454 HTTP/1.1" 200 224075
"GET /detection-status/ HTTP/1.1" 200 64
"GET /camera-preview/11/?t=1756631892804 HTTP/1.1" 200 197374
"GET /camera-preview/11/?t=1756631894800 HTTP/1.1" 200 232649
"GET /camera-preview/11/?t=1756631896808 HTTP/1.1" 200 205845
"GET /detection-status/ HTTP/1.1" 200 64
"GET /camera-preview/11/?t=1756631898802 HTTP/1.1" 200 261579
"GET /camera-preview/11/?t=1756631900456 HTTP/1.1" 200 292906
"GET /detection-status/ HTTP/1.1" 200 64
"GET /camera-preview/11/?t=1756631902806 HTTP/1.1" 200 319904
"GET /camera-preview/11/?t=1756631904807 HTTP/1.1" 200 322533
"GET /camera-preview/11/?t=1756631906844 HTTP/1.1" 200 237302
"GET /detection-status/ HTTP/1.1" 200 64
"GET /all-cameras-preview/ HTTP/1.1" 200 141
"GET /camera-preview/11/?t=1756631910807 HTTP/1.1" 200 147961
"GET /detection-status/ HTTP/1.1" 200 64
"GET /camera-preview/11/?t=1756631912797 HTTP/1.1" 200 224638
"GET /camera-preview/11/?t=1756631914796 HTTP/1.1" 200 139314
"GET /camera-preview/11/?t=1756631916805 HTTP/1.1" 200 177135
"GET /detection-status/ HTTP/1.1" 200 64
"GET /camera-preview/11/?t=1756631918796 HTTP/1.1" 200 203727
"GET /camera-preview/11/?t=1756631920804 HTTP/1.1" 200 202646
"GET /detection-status/ HTTP/1.1" 200 64
"GET /camera-preview/11/?t=1756631922801 HTTP/1.1" 200 202518
"GET /camera-preview/11/?t=1756631924809 HTTP/1.1" 200 202930
"GET /camera-preview/11/?t=1756631926809 HTTP/1.1" 200 203308
"GET /detection-status/ HTTP/1.1" 200 64
"GET /camera-preview/11/?t=1756631928800 HTTP/1.1" 200 202939
"GET /camera-preview/11/?t=1756631930798 HTTP/1.1" 200 217587
"GET /detection-status/ HTTP/1.1" 200 64
"GET /camera-preview/11/?t=1756631932815 HTTP/1.1" 200 214985
"GET /camera-preview/11/?t=1756631934800 HTTP/1.1" 200 214796
"GET /camera-preview/11/?t=1756631936811 HTTP/1.1" 200 215051
"GET /detection-status/ HTTP/1.1" 200 64
"GET /all-cameras-preview/ HTTP/1.1" 200 141
"GET /camera-preview/11/?t=1756631940809 HTTP/1.1" 200 214835
"GET /detection-status/ HTTP/1.1" 200 64
"GET /camera-preview/11/?t=1756631942799 HTTP/1.1" 200 215673
"GET /camera-preview/11/?t=1756631944803 HTTP/1.1" 200 216099
C:\Users\USER\Desktop\Missing-Person-Detection-System\core\missingperson\views.py changed, reloading.
Watching for file changes with StatReloader
"GET /detection-status/ HTTP/1.1" 200 64
"GET /camera-preview/11/?t=1756631953072 HTTP/1.1" 200 215135
C:\Users\USER\Desktop\Missing-Person-Detection-System\core\missingperson\views.py changed, reloading.
Watching for file changes with StatReloader
"GET /all-cameras-preview/ HTTP/1.1" 200 141
"GET /camera-preview/11/?t=1756631972807 HTTP/1.1" 200 215575
"GET /camera-preview/11/?t=1756631974800 HTTP/1.1" 200 215084
- Broken pipe from ('127.0.0.1', 63107)
"GET /camera-preview/11/?t=1756631978801 HTTP/1.1" 200 216660
"GET /camera-preview/11/?t=1756631980809 HTTP/1.1" 200 215365
"GET /detection-status/ HTTP/1.1" 200 64
"GET /camera-preview/11/?t=1756631982806 HTTP/1.1" 200 215976
"GET /all-cameras-preview/ HTTP/1.1" 200 141
"GET /camera-preview/11/ HTTP/1.1" 200 215383
"GET /camera-preview/11/?t=1756632001800 HTTP/1.1" 200 215311
"GET /camera-preview/11/?t=1756632003795 HTTP/1.1" 200 215363
- Broken pipe from ('127.0.0.1', 63114)
- Broken pipe from ('127.0.0.1', 63125)
"GET /camera-preview/11/?t=1756632009796 HTTP/1.1" 200 215791
"GET /camera-preview/11/?t=1756632011796 HTTP/1.1" 200 215672
"GET /detection-status/ HTTP/1.1" 200 64
"GET /camera-preview/11/?t=1756632015941 HTTP/1.1" 200 204951
"GET /detection-status/ HTTP/1.1" 200 64
"GET /camera-preview/11/?t=1756632017648 HTTP/1.1" 200 204180
"GET /camera-preview/11/?t=1756632019643 HTTP/1.1" 200 216616
"GET /camera-preview/11/?t=1756632021805 HTTP/1.1" 200 204312
"GET /detection-status/ HTTP/1.1" 200 64
"GET /camera-preview/11/?t=1756632023807 HTTP/1.1" 200 123435
"GET /camera-preview/11/?t=1756632025802 HTTP/1.1" 200 131910
"GET /detection-status/ HTTP/1.1" 200 64
"GET /all-cameras-preview/ HTTP/1.1" 200 141
"GET /camera-preview/11/?t=1756632027802 HTTP/1.1" 200 210960
"GET /camera-preview/11/ HTTP/1.1" 200 236302
"GET /camera-preview/11/?t=1756632031798 HTTP/1.1" 200 201021
"GET /detection-status/ HTTP/1.1" 200 64
"GET /camera-preview/11/?t=1756632033799 HTTP/1.1" 200 182432
"GET /camera-preview/11/?t=1756632035802 HTTP/1.1" 200 200804
"GET /detection-status/ HTTP/1.1" 200 64
"GET /camera-preview/11/?t=1756632037803 HTTP/1.1" 200 248621
"GET /camera-preview/11/?t=1756632039797 HTTP/1.1" 200 184747
"GET /camera-preview/11/?t=1756632041809 HTTP/1.1" 200 189409
"GET /detection-status/ HTTP/1.1" 200 64
"GET /camera-preview/11/?t=1756632043795 HTTP/1.1" 200 189612
"GET /camera-preview/11/?t=1756632045808 HTTP/1.1" 200 195456
"GET /detection-status/ HTTP/1.1" 200 64
"GET /camera-preview/11/?t=1756632047762 HTTP/1.1" 200 183693
"GET /camera-preview/11/?t=1756632049103 HTTP/1.1" 200 177523
"GET /detection-status/ HTTP/1.1" 200 64
- Broken pipe from ('127.0.0.1', 63136)
"GET /camera-preview/11/?t=1756632053809 HTTP/1.1" 200 192403
"GET /camera-preview/11/?t=1756632055100 HTTP/1.1" 200 192011
"GET /detection-status/ HTTP/1.1" 200 64
"GET /camera-preview/11/?t=1756632057101 HTTP/1.1" 200 191984
"GET /all-cameras-preview/ HTTP/1.1" 200 141
"GET /camera-preview/11/?t=1756632059881 HTTP/1.1" 200 192502
"GET /camera-preview/11/?t=1756632061892 HTTP/1.1" 200 193233
"GET /detection-status/ HTTP/1.1" 200 64
"GET /camera-preview/11/?t=1756632064798 HTTP/1.1" 200 209873
"GET /camera-preview/11/?t=1756632066802 HTTP/1.1" 200 210471
"GET /detection-status/ HTTP/1.1" 200 64
"GET /camera-preview/11/?t=1756632068801 HTTP/1.1" 200 211003
"GET /camera-preview/11/?t=1756632070798 HTTP/1.1" 200 210270
"GET /detection-status/ HTTP/1.1" 200 64
"GET /camera-preview/11/?t=1756632072795 HTTP/1.1" 200 211176
"GET /camera-preview/11/?t=1756632074804 HTTP/1.1" 200 211391
"GET /detection-status/ HTTP/1.1" 200 64
- Broken pipe from ('127.0.0.1', 63150)
"GET /camera-preview/11/?t=1756632078802 HTTP/1.1" 200 211600
"GET /camera-preview/11/?t=1756632080807 HTTP/1.1" 200 211528
"GET /detection-status/ HTTP/1.1" 200 64
"GET /camera-preview/11/?t=1756632082973 HTTP/1.1" 200 210644
"GET /camera-preview/11/?t=1756632084829 HTTP/1.1" 200 210298
"GET /camera-preview/11/?t=1756632087491 HTTP/1.1" 200 211740
"GET /detection-status/ HTTP/1.1" 200 64
"GET /all-cameras-preview/ HTTP/1.1" 200 141
"GET /camera-preview/11/?t=1756632088433 HTTP/1.1" 200 212568
"GET /camera-preview/11/?t=1756632091870 HTTP/1.1" 200 213024
"GET /detection-status/ HTTP/1.1" 200 64
C:\Users\USER\Desktop\Missing-Person-Detection-System\core\missingperson\views.py changed, reloading.
Watching for file changes with StatReloader
"GET /detection-status/ HTTP/1.1" 200 64
"GET /camera-preview/11/?t=1756632105846 HTTP/1.1" 200 210855
"GET /detection-status/ HTTP/1.1" 200 64
"GET /camera-preview/11/?t=1756632107798 HTTP/1.1" 200 211906
"GET /camera-preview/11/?t=1756632109803 HTTP/1.1" 200 211734
"GET /camera-preview/11/?t=1756632111814 HTTP/1.1" 200 211246
"GET /detection-status/ HTTP/1.1" 200 64
"GET /camera-preview/11/?t=1756632113517 HTTP/1.1" 200 211541
"GET /camera-preview/11/?t=1756632116063 HTTP/1.1" 200 212173
"GET /detection-status/ HTTP/1.1" 200 64
"GET /camera-preview/11/?t=1756632117816 HTTP/1.1" 200 213193
"GET /all-cameras-preview/ HTTP/1.1" 200 141
"GET /camera-preview/11/?t=1756632121328 HTTP/1.1" 200 211979
C:\Users\USER\Desktop\Missing-Person-Detection-System\core\missingperson\views.py changed, reloading.
Watching for file changes with StatReloader
"GET /camera-preview/11/?t=1756632128771 HTTP/1.1" 200 195134
"GET /camera-preview/11/?t=1756632130761 HTTP/1.1" 200 197917
"GET /detection-status/ HTTP/1.1" 200 64
"GET /camera-preview/11/?t=1756632132815 HTTP/1.1" 200 209998
"GET /camera-preview/11/?t=1756632134807 HTTP/1.1" 200 210998
"GET /detection-status/ HTTP/1.1" 200 64
"GET /camera-preview/11/?t=1756632136813 HTTP/1.1" 200 192927
"GET /camera-preview/11/?t=1756632138807 HTTP/1.1" 200 211667
"GET /camera-preview/11/?t=1756632140804 HTTP/1.1" 200 193059
"GET /detection-status/ HTTP/1.1" 200 64
"GET /camera-preview/11/?t=1756632142833 HTTP/1.1" 200 193977
"GET /camera-preview/11/?t=1756632144820 HTTP/1.1" 200 194731
"GET /camera-preview/11/?t=1756632146798 HTTP/1.1" 200 196533
"GET /detection-status/ HTTP/1.1" 200 64
"GET /all-cameras-preview/ HTTP/1.1" 200 141
"GET /camera-preview/11/?t=1756632150806 HTTP/1.1" 200 193157
"GET /detection-status/ HTTP/1.1" 200 64
"GET /camera-preview/11/?t=1756632152803 HTTP/1.1" 200 194375
"GET /camera-preview/11/?t=1756632154798 HTTP/1.1" 200 196072
"GET /detection-status/ HTTP/1.1" 200 64
- Broken pipe from ('127.0.0.1', 63258)
"GET /camera-preview/11/?t=1756632158805 HTTP/1.1" 200 205235
"GET /detection-status/ HTTP/1.1" 200 64
- Broken pipe from ('127.0.0.1', 63257)
"GET /camera-preview/11/?t=1756632163027 HTTP/1.1" 200 252662
"GET /camera-preview/11/?t=1756632164795 HTTP/1.1" 200 254671
"GET /camera-preview/11/?t=1756632166796 HTTP/1.1" 200 227728
"GET /detection-status/ HTTP/1.1" 200 64
"GET /camera-preview/11/?t=1756632168807 HTTP/1.1" 200 253964
"GET /camera-preview/11/?t=1756632170795 HTTP/1.1" 200 192914
"GET /detection-status/ HTTP/1.1" 200 64
"GET /camera-preview/11/?t=1756632172796 HTTP/1.1" 200 178030
"GET /camera-preview/11/?t=1756632174794 HTTP/1.1" 200 211019
"GET /camera-preview/11/?t=1756632176794 HTTP/1.1" 200 192886
"GET /detection-status/ HTTP/1.1" 200 64
"GET /all-cameras-preview/ HTTP/1.1" 200 141
"GET /camera-preview/11/?t=1756632178803 HTTP/1.1" 200 220345
"GET /detection-status/ HTTP/1.1" 200 64
"GET /camera-preview/11/?t=1756632182868 HTTP/1.1" 200 244768
"GET /camera-preview/11/?t=1756632184798 HTTP/1.1" 200 229704
"GET /camera-preview/11/?t=1756632186803 HTTP/1.1" 200 234495
"GET /detection-status/ HTTP/1.1" 200 64
"GET /camera-preview/11/?t=1756632188800 HTTP/1.1" 200 201970
"GET /camera-preview/11/?t=1756632190809 HTTP/1.1" 200 244996
"GET /camera-preview/11/?t=1756632192823 HTTP/1.1" 200 165960
"GET /detection-status/ HTTP/1.1" 200 64
"GET /camera-preview/11/?t=1756632221882 HTTP/1.1" 200 205335
"GET /all-cameras-preview/ HTTP/1.1" 200 141
"GET /camera-preview/11/?t=1756632225956 HTTP/1.1" 200 291980
"GET /camera-preview/11/?t=1756632227802 HTTP/1.1" 200 230930
"GET /camera-preview/11/?t=1756632229805 HTTP/1.1" 200 183389
"GET /camera-preview/11/?t=1756632231810 HTTP/1.1" 200 188452
"GET /camera-preview/11/?t=1756632233803 HTTP/1.1" 200 188079
"GET /camera-preview/11/?t=1756632235801 HTTP/1.1" 200 186872
C:\Users\USER\Desktop\Missing-Person-Detection-System\core\missingperson\views.py changed, reloading.
Watching for file changes with StatReloader
"GET /detection-status/ HTTP/1.1" 200 64
"GET /camera-preview/11/?t=1756632283538 HTTP/1.1" 200 183761
C:\Users\USER\Desktop\Missing-Person-Detection-System\core\missingperson\views.py changed, reloading.
Watching for file changes with StatReloader
C:\Users\USER\Desktop\Missing-Person-Detection-System\core\missingperson\views.py changed, reloading.
Watching for file changes with StatReloader
C:\Users\USER\Desktop\Missing-Person-Detection-System\core\missingperson\views.py changed, reloading.
Watching for file changes with StatReloader
"GET /detection-status/ HTTP/1.1" 200 64
"GET /all-cameras-preview/ HTTP/1.1" 200 141
"GET /camera-preview/11/ HTTP/1.1" 200 191766
"GET /camera-preview/11/?t=1756632350816 HTTP/1.1" 200 192295
C:\Users\USER\Desktop\Missing-Person-Detection-System\core\missingperson\views.py changed, reloading.
Watching for file changes with StatReloader
"GET /detection-status/ HTTP/1.1" 200 64
"GET /detection-status/ HTTP/1.1" 200 64
"GET /cameras/delete/11/ HTTP/1.1" 200 720
"POST /cameras/delete/11/ HTTP/1.1" 302 0
"GET /cameras/ HTTP/1.1" 200 8648
"GET /all-cameras-preview/ HTTP/1.1" 200 2
"GET /detection-status/ HTTP/1.1" 200 64
"GET /detection-status/ HTTP/1.1" 200 64
"GET /detection-status/ HTTP/1.1" 200 64
"GET /detection-status/ HTTP/1.1" 200 64
"GET /detection-status/ HTTP/1.1" 200 64
"GET /detection-status/ HTTP/1.1" 200 64
"GET /all-cameras-preview/ HTTP/1.1" 200 2
"GET /detection-status/ HTTP/1.1" 200 64
"GET /detection-status/ HTTP/1.1" 200 64
"GET /detection-status/ HTTP/1.1" 200 64
"GET /detection-status/ HTTP/1.1" 200 64
"GET /detection-status/ HTTP/1.1" 200 64
"GET /detection-status/ HTTP/1.1" 200 64
"GET /all-cameras-preview/ HTTP/1.1" 200 2
"GET /detection-status/ HTTP/1.1" 200 64
"POST /admin/missingperson/missingperson/1/change/ HTTP/1.1" 302 0
"GET /admin/missingperson/missingperson/ HTTP/1.1" 200 11468
"GET /admin/jsi18n/ HTTP/1.1" 200 3342
"GET /admin/missingperson/camera/ HTTP/1.1" 200 11746
"GET /admin/jsi18n/ HTTP/1.1" 200 3342
"GET /detection-status/ HTTP/1.1" 200 64
"GET /all-cameras-preview/ HTTP/1.1" 200 2
"POST /admin/missingperson/camera/ HTTP/1.1" 200 10003
"POST /admin/missingperson/camera/ HTTP/1.1" 302 0
"GET /admin/missingperson/camera/ HTTP/1.1" 200 9442
"GET /admin/jsi18n/ HTTP/1.1" 200 3342
"GET /detection-status/ HTTP/1.1" 200 64
"GET /detection-status/ HTTP/1.1" 200 64
"GET /cameras/add/ HTTP/1.1" 200 2157
"POST /cameras/add/ HTTP/1.1" 302 0
"GET /cameras/ HTTP/1.1" 200 9872
"GET /detection-status/ HTTP/1.1" 200 64
"GET /all-cameras-preview/ HTTP/1.1" 200 142
"GET /camera-preview/12/ HTTP/1.1" 200 193151
"GET /camera-preview/12/?t=1756632488642 HTTP/1.1" 200 184355
"GET /detection-status/ HTTP/1.1" 200 64
"GET /camera-preview/12/?t=1756632490656 HTTP/1.1" 200 191994
"GET /camera-preview/12/?t=1756632492647 HTTP/1.1" 200 190633
"GET /camera-preview/12/?t=1756632494641 HTTP/1.1" 200 190674
"GET /detection-status/ HTTP/1.1" 200 64
"GET /camera-preview/12/?t=1756632496645 HTTP/1.1" 200 193108
"GET /camera-preview/12/?t=1756632498648 HTTP/1.1" 200 191536
"GET /camera-preview/12/?t=1756632500650 HTTP/1.1" 200 191004
"GET /detection-status/ HTTP/1.1" 200 64
"GET /camera-preview/12/?t=1756632502653 HTTP/1.1" 200 191503
"GET /detection-status/ HTTP/1.1" 200 64
"GET /camera-preview/12/?t=1756632504643 HTTP/1.1" 200 184766
"GET /camera-preview/12/?t=1756632506815 HTTP/1.1" 200 183660
"GET /camera-preview/12/?t=1756632508881 HTTP/1.1" 200 186244
"GET /camera-preview/12/?t=1756632510799 HTTP/1.1" 200 186550
"GET /detection-status/ HTTP/1.1" 200 64
"GET /camera-preview/12/?t=1756632512797 HTTP/1.1" 200 187344
"GET /camera-preview/12/?t=1756632514819 HTTP/1.1" 200 188028
"GET /detection-status/ HTTP/1.1" 200 64
"GET /all-cameras-preview/ HTTP/1.1" 200 142
"GET /camera-preview/12/?t=1756632516809 HTTP/1.1" 200 145643
"GET /camera-preview/12/ HTTP/1.1" 200 181881
"GET /camera-preview/12/?t=1756632520799 HTTP/1.1" 200 157267
"GET /detection-status/ HTTP/1.1" 200 64
"GET /camera-preview/12/?t=1756632522805 HTTP/1.1" 200 186043
"GET /camera-preview/12/?t=1756632524797 HTTP/1.1" 200 218709
"GET /detection-status/ HTTP/1.1" 200 64
"GET /camera-preview/12/?t=1756632526798 HTTP/1.1" 200 220461
"GET /camera-preview/12/?t=1756632528803 HTTP/1.1" 200 209829
"GET /camera-preview/12/?t=1756632530810 HTTP/1.1" 200 160002
"GET /detection-status/ HTTP/1.1" 200 64
"GET /camera-preview/12/?t=1756632532811 HTTP/1.1" 200 171506
"GET /camera-preview/12/?t=1756632534799 HTTP/1.1" 200 186049
"GET /detection-status/ HTTP/1.1" 200 64
"GET /camera-preview/12/?t=1756632536798 HTTP/1.1" 200 203234
"GET /camera-preview/12/?t=1756632538822 HTTP/1.1" 200 230872
"GET /camera-preview/12/?t=1756632540811 HTTP/1.1" 200 231371
"GET /detection-status/ HTTP/1.1" 200 64
"GET /camera-preview/12/?t=1756632542803 HTTP/1.1" 200 269082
"GET /camera-preview/12/?t=1756632544810 HTTP/1.1" 200 312923
"GET /detection-status/ HTTP/1.1" 200 64
"GET /camera-preview/12/?t=1756632546825 HTTP/1.1" 200 269848
"GET /all-cameras-preview/ HTTP/1.1" 200 142
"GET /camera-preview/12/?t=1756632549797 HTTP/1.1" 200 203208
"GET /detection-status/ HTTP/1.1" 200 64
"GET /camera-preview/12/?t=1756632551806 HTTP/1.1" 200 172190
"GET /camera-preview/12/?t=1756632553836 HTTP/1.1" 200 207495
"GET /camera-preview/12/?t=1756632555804 HTTP/1.1" 200 226397
"GET /detection-status/ HTTP/1.1" 200 64
"GET /camera-preview/12/?t=1756632557884 HTTP/1.1" 200 228027
"GET /camera-preview/12/?t=1756632559799 HTTP/1.1" 200 231818
"GET /detection-status/ HTTP/1.1" 200 64
"GET /camera-preview/12/?t=1756632561828 HTTP/1.1" 200 212859
"GET /camera-preview/12/?t=1756632563797 HTTP/1.1" 200 237742
"GET /camera-preview/12/?t=1756632565960 HTTP/1.1" 200 124637
"GET /detection-status/ HTTP/1.1" 200 64
"GET /camera-preview/12/?t=1756632569920 HTTP/1.1" 200 204162
"GET /detection-status/ HTTP/1.1" 200 64
"GET /camera-preview/12/?t=1756632571809 HTTP/1.1" 200 201304
"GET /camera-preview/12/?t=1756632573796 HTTP/1.1" 200 192733
"GET /admin/missingperson/missingperson/add/ HTTP/1.1" 200 16925
"GET /admin/jsi18n/ HTTP/1.1" 200 3342
"GET /camera-preview/12/?t=1756632575802 HTTP/1.1" 200 206159
"GET /detection-status/ HTTP/1.1" 200 64
"GET /all-cameras-preview/ HTTP/1.1" 200 142
"GET /camera-preview/12/?t=1756632579799 HTTP/1.1" 200 216511
"GET /detection-status/ HTTP/1.1" 200 64
"GET /admin/missingperson/missingperson/ HTTP/1.1" 200 11245
"GET /camera-preview/12/?t=1756632581811 HTTP/1.1" 200 208858
"GET /admin/jsi18n/ HTTP/1.1" 200 3342
"GET /camera-preview/12/?t=1756632583803 HTTP/1.1" 200 195627
"GET /admin/missingperson/missingperson/4/change/ HTTP/1.1" 200 17458
"GET /admin/jsi18n/ HTTP/1.1" 200 3342
"GET /camera-preview/12/?t=1756632585803 HTTP/1.1" 200 225537
"GET /detection-status/ HTTP/1.1" 200 64
"GET /camera-preview/12/?t=1756632587806 HTTP/1.1" 200 239347
"GET /camera-preview/12/?t=1756632589806 HTTP/1.1" 200 229973
"GET /detection-status/ HTTP/1.1" 200 64
"GET /camera-preview/12/?t=1756632591812 HTTP/1.1" 200 221742
"GET /camera-preview/12/?t=1756632593806 HTTP/1.1" 200 211426
"GET /camera-preview/12/?t=1756632595797 HTTP/1.1" 200 221451
"GET /detection-status/ HTTP/1.1" 200 64
"GET /camera-preview/12/?t=1756632597808 HTTP/1.1" 200 235633
"POST /admin/missingperson/missingperson/4/change/ HTTP/1.1" 302 0
"GET /admin/missingperson/missingperson/ HTTP/1.1" 200 11473
"GET /admin/jsi18n/ HTTP/1.1" 200 3342
"GET /camera-preview/12/?t=1756632599809 HTTP/1.1" 200 198163
"GET /detection-status/ HTTP/1.1" 200 64
"GET /camera-preview/12/?t=1756632601413 HTTP/1.1" 200 152108
"GET /camera-preview/12/?t=1756632603422 HTTP/1.1" 200 204040
"GET /camera-preview/12/?t=1756632605809 HTTP/1.1" 200 209524
"GET /detection-status/ HTTP/1.1" 200 64
"GET /all-cameras-preview/ HTTP/1.1" 200 142
"GET /detection-status/ HTTP/1.1" 200 64
"GET /camera-preview/12/?t=1756632609806 HTTP/1.1" 200 153910
"GET /camera-preview/12/?t=1756632611633 HTTP/1.1" 200 167782
"GET /camera-preview/12/?t=1756632613648 HTTP/1.1" 200 186163
"GET /camera-preview/12/?t=1756632615645 HTTP/1.1" 200 85027
"GET /detection-status/ HTTP/1.1" 200 64
"GET /camera-preview/12/?t=1756632617635 HTTP/1.1" 200 192694
"GET /camera-preview/12/?t=1756632619646 HTTP/1.1" 200 199890
"GET /detection-status/ HTTP/1.1" 200 64
"GET /camera-preview/12/?t=1756632621639 HTTP/1.1" 200 201896
"GET /camera-preview/12/?t=1756632623643 HTTP/1.1" 200 189445
"GET /detection-status/ HTTP/1.1" 200 64
"GET /camera-preview/12/?t=1756632625649 HTTP/1.1" 200 180101
"GET /camera-preview/12/?t=1756632627637 HTTP/1.1" 200 160818
"GET /camera-preview/12/?t=1756632629648 HTTP/1.1" 200 169177
"GET /detection-status/ HTTP/1.1" 200 64
"GET /camera-preview/12/?t=1756632631645 HTTP/1.1" 200 200492
"GET /camera-preview/12/?t=1756632633635 HTTP/1.1" 200 172676
"GET /camera-preview/12/?t=1756632635644 HTTP/1.1" 200 192740
"GET /detection-status/ HTTP/1.1" 200 64
"GET /all-cameras-preview/ HTTP/1.1" 200 142
"GET /camera-preview/12/?t=1756632638418 HTTP/1.1" 200 215220
"GET /camera-preview/12/?t=1756632640425 HTTP/1.1" 200 206956
"GET /detection-status/ HTTP/1.1" 200 64
"GET /camera-preview/12/?t=1756632642427 HTTP/1.1" 200 277201
"GET /camera-preview/12/?t=1756632644425 HTTP/1.1" 200 196945
"GET /detection-status/ HTTP/1.1" 200 64
"GET /camera-preview/12/?t=1756632646419 HTTP/1.1" 200 202573
"GET /camera-preview/12/?t=1756632648418 HTTP/1.1" 200 166119
"GET /camera-preview/12/?t=1756632650423 HTTP/1.1" 200 217320
"GET /detection-status/ HTTP/1.1" 200 64
"GET /camera-preview/12/?t=1756632652416 HTTP/1.1" 200 198510
"GET /camera-preview/12/?t=1756632654426 HTTP/1.1" 200 196849
"GET /detection-status/ HTTP/1.1" 200 64
"GET /camera-preview/12/?t=1756632656422 HTTP/1.1" 200 187549
"GET /camera-preview/12/?t=1756632658423 HTTP/1.1" 200 204460
"GET /detection-status/ HTTP/1.1" 200 64
"GET /camera-preview/12/?t=1756632660427 HTTP/1.1" 200 204477
"GET /camera-preview/12/?t=1756632662429 HTTP/1.1" 200 213039
"GET /camera-preview/12/?t=1756632664416 HTTP/1.1" 200 235039
"GET /detection-status/ HTTP/1.1" 200 64
"GET /all-cameras-preview/ HTTP/1.1" 200 142
"GET /camera-preview/12/?t=1756632666427 HTTP/1.1" 200 232784
"GET /camera-preview/12/ HTTP/1.1" 200 249383
"GET /camera-preview/12/?t=1756632668522 HTTP/1.1" 200 232844
"GET /camera-preview/12/?t=1756632670531 HTTP/1.1" 200 272843
"GET /detection-status/ HTTP/1.1" 200 64
"GET /camera-preview/12/?t=1756632672808 HTTP/1.1" 200 271755
"GET /camera-preview/12/?t=1756632674807 HTTP/1.1" 200 231495
"GET /detection-status/ HTTP/1.1" 200 64
"GET /camera-preview/12/?t=1756632676799 HTTP/1.1" 200 223577
"GET /camera-preview/12/?t=1756632678798 HTTP/1.1" 200 242079
"GET /camera-preview/12/?t=1756632680796 HTTP/1.1" 200 242352
"GET /detection-status/ HTTP/1.1" 200 64
"GET /camera-preview/12/?t=1756632682899 HTTP/1.1" 200 237791
"GET /camera-preview/12/?t=1756632684808 HTTP/1.1" 200 205193
"GET /detection-status/ HTTP/1.1" 200 64
"GET /camera-preview/12/?t=1756632686803 HTTP/1.1" 200 253228
"GET /camera-preview/12/?t=1756632688809 HTTP/1.1" 200 211469
"GET /camera-preview/12/?t=1756632690800 HTTP/1.1" 200 213211
"GET /detection-status/ HTTP/1.1" 200 64
"GET /camera-preview/12/?t=1756632692795 HTTP/1.1" 200 211567
"GET /camera-preview/12/?t=1756632694796 HTTP/1.1" 200 212221
"GET /detection-status/ HTTP/1.1" 200 64
"GET /all-cameras-preview/ HTTP/1.1" 200 142
"GET /camera-preview/12/?t=1756632696855 HTTP/1.1" 200 214568
"GET /camera-preview/12/?t=1756632700169 HTTP/1.1" 200 212690
"GET /detection-status/ HTTP/1.1" 200 64
"GET /camera-preview/12/?t=1756632701829 HTTP/1.1" 200 213200
"GET /camera-preview/12/?t=1756632703806 HTTP/1.1" 200 211877
"GET /detection-status/ HTTP/1.1" 200 64
"GET /camera-preview/12/?t=1756632705797 HTTP/1.1" 200 213085
"GET /camera-preview/12/?t=1756632707804 HTTP/1.1" 200 212643
"GET /camera-preview/12/?t=1756632709802 HTTP/1.1" 200 214590
"GET /detection-status/ HTTP/1.1" 200 64
"GET /camera-preview/12/?t=1756632711810 HTTP/1.1" 200 212702
"GET /camera-preview/12/?t=1756632713808 HTTP/1.1" 200 213748
"GET /detection-status/ HTTP/1.1" 200 64
"GET /camera-preview/12/?t=1756632715806 HTTP/1.1" 200 212927
"GET /camera-preview/12/?t=1756632717800 HTTP/1.1" 200 213421
"GET /camera-preview/12/?t=1756632719807 HTTP/1.1" 200 212218
"GET /detection-status/ HTTP/1.1" 200 64
"GET /camera-preview/12/?t=1756632721814 HTTP/1.1" 200 213566
"GET /camera-preview/12/?t=1756632723796 HTTP/1.1" 200 212684
"GET /camera-preview/12/?t=1756632725859 HTTP/1.1" 200 214683
"GET /detection-status/ HTTP/1.1" 200 64
"GET /all-cameras-preview/ HTTP/1.1" 200 142
"GET /camera-preview/12/?t=1756632729807 HTTP/1.1" 200 217655
"GET /detection-status/ HTTP/1.1" 200 64
"GET /camera-preview/12/?t=1756632731803 HTTP/1.1" 200 216944
"GET /camera-preview/12/?t=1756632733804 HTTP/1.1" 200 211249
"GET /camera-preview/12/?t=1756632735805 HTTP/1.1" 200 212511
"GET /detection-status/ HTTP/1.1" 200 64
"GET /camera-preview/12/?t=1756632737366 HTTP/1.1" 200 200037
"GET /camera-preview/12/?t=1756632739379 HTTP/1.1" 200 188434
"GET /detection-status/ HTTP/1.1" 200 64
"GET /camera-preview/12/?t=1756632741806 HTTP/1.1" 200 193024
"GET /camera-preview/12/?t=1756632743802 HTTP/1.1" 200 192974
"GET /camera-preview/12/?t=1756632745808 HTTP/1.1" 200 193253
"GET /detection-status/ HTTP/1.1" 200 64
"GET /camera-preview/12/?t=1756632747796 HTTP/1.1" 200 192084
"GET /camera-preview/12/?t=1756632749807 HTTP/1.1" 200 190181
"GET /detection-status/ HTTP/1.1" 200 64
"GET /camera-preview/12/?t=1756632751802 HTTP/1.1" 200 192889
"GET /camera-preview/12/?t=1756632753800 HTTP/1.1" 200 192145
"GET /camera-preview/12/?t=1756632755808 HTTP/1.1" 200 192726
"GET /detection-status/ HTTP/1.1" 200 64
"GET /all-cameras-preview/ HTTP/1.1" 200 142
"GET /camera-preview/12/?t=1756632757798 HTTP/1.1" 200 192379
"GET /camera-preview/12/?t=1756632760806 HTTP/1.1" 200 188263
"GET /detection-status/ HTTP/1.1" 200 64
"GET /camera-preview/12/?t=1756632762799 HTTP/1.1" 200 191236
"GET /camera-preview/12/?t=1756632764805 HTTP/1.1" 200 197181
"GET /detection-status/ HTTP/1.1" 200 64
"GET /camera-preview/12/?t=1756632766801 HTTP/1.1" 200 197273
"GET /camera-preview/12/?t=1756632768795 HTTP/1.1" 200 197552
"GET /camera-preview/12/?t=1756632770796 HTTP/1.1" 200 197211
"GET /detection-status/ HTTP/1.1" 200 64
"GET /camera-preview/12/?t=1756632772801 HTTP/1.1" 200 197231
"GET /camera-preview/12/?t=1756632774794 HTTP/1.1" 200 196230
"GET /detection-status/ HTTP/1.1" 200 64
"GET /camera-preview/12/?t=1756632776802 HTTP/1.1" 200 197033
"GET /camera-preview/12/?t=1756632778802 HTTP/1.1" 200 196279
"GET /camera-preview/12/?t=1756632780803 HTTP/1.1" 200 196806
"GET /detection-status/ HTTP/1.1" 200 64
"GET /camera-preview/12/?t=1756632782584 HTTP/1.1" 200 196499
"GET /camera-preview/12/?t=1756632784592 HTTP/1.1" 200 211241
"GET /detection-status/ HTTP/1.1" 200 64
"GET /all-cameras-preview/ HTTP/1.1" 200 142
"GET /camera-preview/12/?t=1756632786839 HTTP/1.1" 200 214915
"GET /camera-preview/12/?t=1756632789800 HTTP/1.1" 200 215658
"GET /detection-status/ HTTP/1.1" 200 64
"GET /camera-preview/12/?t=1756632791799 HTTP/1.1" 200 214533
"GET /camera-preview/12/?t=1756632793799 HTTP/1.1" 200 217885
"GET /detection-status/ HTTP/1.1" 200 64
"GET /camera-preview/12/?t=1756632795802 HTTP/1.1" 200 217858
- Broken pipe from ('127.0.0.1', 50181)
"GET /camera-preview/12/?t=1756632799797 HTTP/1.1" 200 216127
"GET /detection-status/ HTTP/1.1" 200 64
"GET /camera-preview/12/?t=1756632801838 HTTP/1.1" 200 214067
"GET /camera-preview/12/?t=1756632803799 HTTP/1.1" 200 215190
"GET /camera-preview/12/?t=1756632805795 HTTP/1.1" 200 215097
"GET /detection-status/ HTTP/1.1" 200 64
"GET /camera-preview/12/?t=1756632807804 HTTP/1.1" 200 216806
"GET /camera-preview/12/?t=1756632809831 HTTP/1.1" 200 201813
"GET /detection-status/ HTTP/1.1" 200 64
"GET /camera-preview/12/?t=1756632811375 HTTP/1.1" 200 201227
"GET /camera-preview/12/?t=1756632813374 HTTP/1.1" 200 203208
Not Found: /.well-known/appspecific/com.chrome.devtools.json
"GET /.well-known/appspecific/com.chrome.devtools.json HTTP/1.1" 404 5578
"GET /detection-status/ HTTP/1.1" 200 64
"GET /all-cameras-preview/ HTTP/1.1" 200 142
- Broken pipe from ('127.0.0.1', 50184)
"GET /camera-preview/12/?t=1756632817377 HTTP/1.1" 200 197221
"GET /camera-preview/12/ HTTP/1.1" 200 193763
"GET /detection-status/ HTTP/1.1" 200 64
- Broken pipe from ('127.0.0.1', 50211)
"GET /camera-preview/12/?t=1756632821610 HTTP/1.1" 200 195536
"GET /camera-preview/12/?t=1756632823611 HTTP/1.1" 200 195787
"GET /all-cameras-preview/ HTTP/1.1" 200 142
"GET /detection-status/ HTTP/1.1" 200 64
"GET /camera-preview/12/?t=1756632827866 HTTP/1.1" 200 211236
"GET /camera-preview/12/?t=1756632830806 HTTP/1.1" 200 217103
"GET /detection-status/ HTTP/1.1" 200 64
"GET /camera-preview/12/?t=1756632832801 HTTP/1.1" 200 218098
"GET /camera-preview/12/?t=1756632834819 HTTP/1.1" 200 217273
"GET /detection-status/ HTTP/1.1" 200 64
- Broken pipe from ('127.0.0.1', 50224)
"GET /camera-preview/12/?t=1756632837864 HTTP/1.1" 200 211727
"GET /camera-preview/12/?t=1756632840807 HTTP/1.1" 200 211729
"GET /detection-status/ HTTP/1.1" 200 64
"GET /camera-preview/12/?t=1756632842804 HTTP/1.1" 200 208988
"GET /detection-status/ HTTP/1.1" 200 64
- Broken pipe from ('127.0.0.1', 50212)
"GET /camera-preview/12/?t=1756632846805 HTTP/1.1" 200 216793
"GET /all-cameras-preview/ HTTP/1.1" 200 142
"GET /camera-preview/12/ HTTP/1.1" 200 217855
"GET /camera-preview/12/?t=1756632850799 HTTP/1.1" 200 216984
"GET /detection-status/ HTTP/1.1" 200 64
"GET /camera-preview/12/?t=1756632852798 HTTP/1.1" 200 216737
"GET /camera-preview/12/?t=1756632854809 HTTP/1.1" 200 217673
"GET /detection-status/ HTTP/1.1" 200 64
"GET /camera-preview/12/?t=1756632856801 HTTP/1.1" 200 218437
"GET /camera-preview/12/?t=1756632858796 HTTP/1.1" 200 217909
"GET /camera-preview/12/?t=1756632860795 HTTP/1.1" 200 218558
"GET /detection-status/ HTTP/1.1" 200 64
- Broken pipe from ('127.0.0.1', 50242)
"GET /camera-preview/12/?t=1756632864802 HTTP/1.1" 200 217438
"GET /detection-status/ HTTP/1.1" 200 64
"GET /camera-preview/12/?t=1756632866812 HTTP/1.1" 200 217415
"GET /camera-preview/12/?t=1756632868799 HTTP/1.1" 200 218300
"GET /camera-preview/12/?t=1756632870808 HTTP/1.1" 200 216869
"GET /detection-status/ HTTP/1.1" 200 64
"GET /camera-preview/12/?t=1756632872798 HTTP/1.1" 200 217501
"GET /camera-preview/12/?t=1756632874801 HTTP/1.1" 200 216377
"GET /detection-status/ HTTP/1.1" 200 64
"GET /all-cameras-preview/ HTTP/1.1" 200 142
"GET /camera-preview/12/?t=1756632876809 HTTP/1.1" 200 217565
"GET /camera-preview/12/?t=1756632879799 HTTP/1.1" 200 218310
"GET /detection-status/ HTTP/1.1" 200 64
"GET /camera-preview/12/?t=1756632881815 HTTP/1.1" 200 217056
"GET /camera-preview/12/?t=1756632883806 HTTP/1.1" 200 216142
"GET /camera-preview/12/?t=1756632885806 HTTP/1.1" 200 217569
"GET /detection-status/ HTTP/1.1" 200 64
"GET /camera-preview/12/?t=1756632887805 HTTP/1.1" 200 217827
"GET /camera-preview/12/?t=1756632889795 HTTP/1.1" 200 218155
"GET /detection-status/ HTTP/1.1" 200 64
"GET /camera-preview/12/?t=1756632891662 HTTP/1.1" 200 217885
"GET /camera-preview/12/?t=1756632893263 HTTP/1.1" 200 216854
"GET /camera-preview/12/?t=1756632895284 HTTP/1.1" 200 212111
"GET /detection-status/ HTTP/1.1" 200 64
"GET /camera-preview/12/?t=1756632897805 HTTP/1.1" 200 210965
"GET /camera-preview/12/?t=1756632899801 HTTP/1.1" 200 210245
"GET /detection-status/ HTTP/1.1" 200 64
"GET /camera-preview/12/?t=1756632901825 HTTP/1.1" 200 210845
"GET /camera-preview/12/?t=1756632903809 HTTP/1.1" 200 217331
"GET /camera-preview/12/?t=1756632905798 HTTP/1.1" 200 216636
"GET /detection-status/ HTTP/1.1" 200 64
"GET /all-cameras-preview/ HTTP/1.1" 200 142
"GET /camera-preview/12/?t=1756632909806 HTTP/1.1" 200 217430
"GET /detection-status/ HTTP/1.1" 200 64
"GET /camera-preview/12/?t=1756632911812 HTTP/1.1" 200 217537
"GET /camera-preview/12/?t=1756632913806 HTTP/1.1" 200 216988
"GET /detection-status/ HTTP/1.1" 200 64
"GET /camera-preview/12/?t=1756632915795 HTTP/1.1" 200 215657
"GET /camera-preview/12/?t=1756632917807 HTTP/1.1" 200 217629
"GET /camera-preview/12/?t=1756632919800 HTTP/1.1" 200 217843
"GET /detection-status/ HTTP/1.1" 200 64
- Broken pipe from ('127.0.0.1', 50241)
"GET /camera-preview/12/?t=1756632923797 HTTP/1.1" 200 215999
"GET /detection-status/ HTTP/1.1" 200 64
"GET /camera-preview/12/?t=1756632925797 HTTP/1.1" 200 218977
"GET /camera-preview/12/?t=1756632927794 HTTP/1.1" 200 218348
"GET /camera-preview/12/?t=1756632929798 HTTP/1.1" 200 217984
"GET /detection-status/ HTTP/1.1" 200 64
"GET /camera-preview/12/?t=1756632931800 HTTP/1.1" 200 218706
"GET /camera-preview/12/?t=1756632933794 HTTP/1.1" 200 218382
"GET /camera-preview/12/?t=1756632935799 HTTP/1.1" 200 219800
"GET /detection-status/ HTTP/1.1" 200 64
"GET /all-cameras-preview/ HTTP/1.1" 200 142
"GET /camera-preview/12/?t=1756632937806 HTTP/1.1" 200 217912
"GET /detection-status/ HTTP/1.1" 200 64
"GET /camera-preview/12/?t=1756632940804 HTTP/1.1" 200 218446
"GET /camera-preview/12/?t=1756632942801 HTTP/1.1" 200 217343
"GET /camera-preview/12/?t=1756632944800 HTTP/1.1" 200 217088
"GET /detection-status/ HTTP/1.1" 200 64
"GET /camera-preview/12/?t=1756632946800 HTTP/1.1" 200 217752
"GET /detection-status/ HTTP/1.1" 200 64
- Broken pipe from ('127.0.0.1', 50267)
"GET /camera-preview/12/?t=1756632950801 HTTP/1.1" 200 216854
"GET /camera-preview/12/?t=1756632952799 HTTP/1.1" 200 216665
"GET /camera-preview/12/?t=1756632954796 HTTP/1.1" 200 215847
"GET /detection-status/ HTTP/1.1" 200 64
"GET /camera-preview/12/?t=1756633001814 HTTP/1.1" 200 219054
"GET /all-cameras-preview/ HTTP/1.1" 200 142
"GET /camera-preview/12/?t=1756633004834 HTTP/1.1" 200 220943
"GET /camera-preview/12/?t=1756633006795 HTTP/1.1" 200 220001
"GET /camera-preview/12/?t=1756633008799 HTTP/1.1" 200 220177
"GET /camera-preview/12/?t=1756633010806 HTTP/1.1" 200 219723
"GET /camera-preview/12/?t=1756633012799 HTTP/1.1" 200 219677
"GET /camera-preview/12/?t=1756633014809 HTTP/1.1" 200 220746
"GET /detection-status/ HTTP/1.1" 200 64
"GET /camera-preview/12/?t=1756633061818 HTTP/1.1" 200 187680
"GET /all-cameras-preview/ HTTP/1.1" 200 142
"GET /camera-preview/12/ HTTP/1.1" 200 207435
"GET /camera-preview/12/?t=1756633066798 HTTP/1.1" 200 211726
"GET /camera-preview/12/?t=1756633068800 HTTP/1.1" 200 212335
"GET /camera-preview/12/?t=1756633070797 HTTP/1.1" 200 212048
"GET /camera-preview/12/?t=1756633072819 HTTP/1.1" 200 212458
"GET /camera-preview/12/?t=1756633074829 HTTP/1.1" 200 212586
"GET /camera-preview/12/?t=1756633076794 HTTP/1.1" 200 212349
"GET /detection-status/ HTTP/1.1" 200 64
"GET /camera-preview/12/?t=1756633121854 HTTP/1.1" 200 211382
"GET /all-cameras-preview/ HTTP/1.1" 200 142
"GET /camera-preview/12/ HTTP/1.1" 200 210841
"GET /camera-preview/12/?t=1756633124809 HTTP/1.1" 200 212066
"GET /camera-preview/12/?t=1756633126800 HTTP/1.1" 200 211409
"GET /camera-preview/12/?t=1756633128823 HTTP/1.1" 200 210209
"GET /camera-preview/12/?t=1756633130809 HTTP/1.1" 200 212748
"GET /camera-preview/12/?t=1756633132795 HTTP/1.1" 200 212024
"GET /camera-preview/12/?t=1756633134807 HTTP/1.1" 200 201824
"GET /detection-status/ HTTP/1.1" 200 64
"GET /all-cameras-preview/ HTTP/1.1" 200 142
"GET /camera-preview/12/?t=1756633181810 HTTP/1.1" 200 211371
"GET /camera-preview/12/?t=1756633184798 HTTP/1.1" 200 211684
"GET /camera-preview/12/?t=1756633186804 HTTP/1.1" 200 213436
"GET /camera-preview/12/?t=1756633188802 HTTP/1.1" 200 212973
"GET /camera-preview/12/?t=1756633190809 HTTP/1.1" 200 213420
"GET /camera-preview/12/?t=1756633192801 HTTP/1.1" 200 212423
"GET /camera-preview/12/?t=1756633194797 HTTP/1.1" 200 206383
"GET /detection-status/ HTTP/1.1" 200 64
"GET /camera-preview/12/?t=1756633241810 HTTP/1.1" 200 209727
"GET /all-cameras-preview/ HTTP/1.1" 200 142
"GET /camera-preview/12/?t=1756633244802 HTTP/1.1" 200 211470
"GET /camera-preview/12/?t=1756633246805 HTTP/1.1" 200 209610
"GET /camera-preview/12/?t=1756633248808 HTTP/1.1" 200 212692
"GET /camera-preview/12/?t=1756633250808 HTTP/1.1" 200 207050
"GET /camera-preview/12/?t=1756633252795 HTTP/1.1" 200 207282
"GET /camera-preview/12/?t=1756633254808 HTTP/1.1" 200 210854
"GET /detection-status/ HTTP/1.1" 200 64
"GET /camera-preview/12/?t=1756633301812 HTTP/1.1" 200 210057
"GET /all-cameras-preview/ HTTP/1.1" 200 142
"GET /camera-preview/12/?t=1756633304812 HTTP/1.1" 200 211879
"GET /camera-preview/12/?t=1756633306809 HTTP/1.1" 200 209072
"GET /camera-preview/12/?t=1756633308803 HTTP/1.1" 200 208836
"GET /camera-preview/12/?t=1756633310796 HTTP/1.1" 200 209172
"GET /camera-preview/12/?t=1756633312806 HTTP/1.1" 200 211361
"GET /camera-preview/12/?t=1756633314806 HTTP/1.1" 200 212331
"GET /detection-status/ HTTP/1.1" 200 64
"GET /all-cameras-preview/ HTTP/1.1" 200 142
"GET /camera-preview/12/?t=1756633361809 HTTP/1.1" 200 211754
- Broken pipe from ('127.0.0.1', 50476)
"GET /camera-preview/12/?t=1756633367803 HTTP/1.1" 200 213001
- Broken pipe from ('127.0.0.1', 50475)
"GET /camera-preview/12/?t=1756633371804 HTTP/1.1" 200 212810
"GET /camera-preview/12/?t=1756633373809 HTTP/1.1" 200 212589
"GET /camera-preview/12/?t=1756633375801 HTTP/1.1" 200 212183
"GET /detection-status/ HTTP/1.1" 200 64
"GET /all-cameras-preview/ HTTP/1.1" 200 142
"GET /camera-preview/12/?t=1756633421809 HTTP/1.1" 200 212707
"GET /camera-preview/12/?t=1756633424800 HTTP/1.1" 200 210272
"GET /camera-preview/12/?t=1756633426807 HTTP/1.1" 200 213288
"GET /camera-preview/12/?t=1756633428809 HTTP/1.1" 200 211796
"GET /camera-preview/12/?t=1756633430809 HTTP/1.1" 200 212929
"GET /camera-preview/12/?t=1756633432808 HTTP/1.1" 200 212825
"GET /camera-preview/12/?t=1756633434804 HTTP/1.1" 200 213071
"GET /detection-status/ HTTP/1.1" 200 64
"GET /camera-preview/12/?t=1756633481804 HTTP/1.1" 200 213099
"GET /all-cameras-preview/ HTTP/1.1" 200 142
- Broken pipe from ('127.0.0.1', 50564)
"GET /camera-preview/12/?t=1756633488800 HTTP/1.1" 200 212797
- Broken pipe from ('127.0.0.1', 50501)
"GET /camera-preview/12/?t=1756633492796 HTTP/1.1" 200 212832
- Broken pipe from ('127.0.0.1', 50548)
"GET /camera-preview/12/?t=1756633496809 HTTP/1.1" 200 213443
"GET /detection-status/ HTTP/1.1" 200 64
"GET /camera-preview/12/?t=1756633541812 HTTP/1.1" 200 212143
"GET /all-cameras-preview/ HTTP/1.1" 200 142
"GET /camera-preview/12/?t=1756633545809 HTTP/1.1" 200 215410
"GET /camera-preview/12/?t=1756633547805 HTTP/1.1" 200 212787
"GET /camera-preview/12/?t=1756633549804 HTTP/1.1" 200 211832
"GET /camera-preview/12/?t=1756633551807 HTTP/1.1" 200 212808
"GET /camera-preview/12/?t=1756633553805 HTTP/1.1" 200 212353
"GET /camera-preview/12/?t=1756633555807 HTTP/1.1" 200 217780
"GET /detection-status/ HTTP/1.1" 200 64
"GET /camera-preview/12/?t=1756633560542 HTTP/1.1" 200 215754
"GET /detection-status/ HTTP/1.1" 200 64
"GET /camera-preview/12/?t=1756633561315 HTTP/1.1" 200 214585
"GET /camera-preview/12/?t=1756633563804 HTTP/1.1" 200 200158
"GET /camera-preview/12/?t=1756633565805 HTTP/1.1" 200 185144
"GET /detection-status/ HTTP/1.1" 200 64
"GET /all-cameras-preview/ HTTP/1.1" 200 142
"GET /camera-preview/12/?t=1756633567808 HTTP/1.1" 200 185985
"GET /camera-preview/12/?t=1756633570800 HTTP/1.1" 200 190651
"GET /detection-status/ HTTP/1.1" 200 64
"GET /camera-preview/12/?t=1756633572799 HTTP/1.1" 200 191183
"GET /camera-preview/12/?t=1756633574804 HTTP/1.1" 200 191863
"GET /detection-status/ HTTP/1.1" 200 64
"GET /camera-preview/12/?t=1756633576810 HTTP/1.1" 200 192595
"GET /camera-preview/12/?t=1756633578359 HTTP/1.1" 200 194957
"GET /camera-preview/12/?t=1756633580417 HTTP/1.1" 200 209959
"GET /detection-status/ HTTP/1.1" 200 64
"GET /camera-preview/12/?t=1756633583179 HTTP/1.1" 200 213665
"GET /camera-preview/12/?t=1756633584845 HTTP/1.1" 200 214452
"GET /detection-status/ HTTP/1.1" 200 64
"GET /camera-preview/12/?t=1756633586801 HTTP/1.1" 200 214410
"GET /camera-preview/12/?t=1756633588805 HTTP/1.1" 200 212543
C:\Users\USER\Desktop\Missing-Person-Detection-System\core\missingperson\views.py changed, reloading.
Watching for file changes with StatReloader
C:\Users\USER\Desktop\Missing-Person-Detection-System\core\core\urls.py changed, reloading.
Watching for file changes with StatReloader
"GET /detection-status/ HTTP/1.1" 200 64
"GET /detection-status/ HTTP/1.1" 200 64
"GET /all-cameras-preview/ HTTP/1.1" 200 142
"GET /detection-status/ HTTP/1.1" 200 64
"GET /camera-preview/12/?t=1756633641323 HTTP/1.1" 200 195432
"GET /camera-preview/12/?t=1756633643328 HTTP/1.1" 200 206907
"GET /detection-status/ HTTP/1.1" 200 64
- Broken pipe from ('127.0.0.1', 50704)
"GET /camera-preview/12/?t=1756633647328 HTTP/1.1" 200 150432
"GET /camera-preview/12/?t=1756633649321 HTTP/1.1" 200 220759
"GET /detection-status/ HTTP/1.1" 200 64
"GET /camera-preview/12/?t=1756633651327 HTTP/1.1" 200 135397
"GET /camera-preview/12/?t=1756633653312 HTTP/1.1" 200 128335
"GET /detection-status/ HTTP/1.1" 200 64
"GET /camera-preview/12/?t=1756633655323 HTTP/1.1" 200 65787
"GET /all-cameras-preview/ HTTP/1.1" 200 142
"GET /camera-preview/12/?t=1756633657324 HTTP/1.1" 200 70926
"GET /camera-preview/12/?t=1756633659418 HTTP/1.1" 200 107002
"GET /detection-status/ HTTP/1.1" 200 64
"GET /detection-status/ HTTP/1.1" 200 64
"GET /detection-status/ HTTP/1.1" 200 64
Not Found: /camera-preview/12/
- Broken pipe from ('127.0.0.1', 50705)
Not Found: /camera-preview/12/
- Broken pipe from ('127.0.0.1', 50717)
"GET /detection-status/ HTTP/1.1" 200 64
"GET /detection-status/ HTTP/1.1" 200 64
Not Found: /camera-preview/12/
- Broken pipe from ('127.0.0.1', 50718)
"GET /detection-status/ HTTP/1.1" 200 64
Not Found: /camera-preview/12/
- Broken pipe from ('127.0.0.1', 50723)
"GET /detection-status/ HTTP/1.1" 200 64
Not Found: /camera-preview/12/
- Broken pipe from ('127.0.0.1', 50727)
"GET /detection-status/ HTTP/1.1" 200 64
Not Found: /camera-preview/12/
- Broken pipe from ('127.0.0.1', 50732)
"GET /detection-status/ HTTP/1.1" 200 64
Not Found: /camera-preview/12/
- Broken pipe from ('127.0.0.1', 50728)
"GET /detection-status/ HTTP/1.1" 200 64
Not Found: /camera-preview/12/
- Broken pipe from ('127.0.0.1', 50737)
"GET /detection-status/ HTTP/1.1" 200 64
Not Found: /camera-preview/12/
- Broken pipe from ('127.0.0.1', 50738)
"GET /detection-status/ HTTP/1.1" 200 64
"GET /detection-status/ HTTP/1.1" 200 64
"GET /all-cameras-preview/ HTTP/1.1" 200 149
Not Found: /camera-preview/12/
- Broken pipe from ('127.0.0.1', 50733)
Not Found: /camera-preview/12/
- Broken pipe from ('127.0.0.1', 50736)
Not Found: /camera-preview/12/
- Broken pipe from ('127.0.0.1', 50772)
Not Found: /camera-preview/12/
- Broken pipe from ('127.0.0.1', 50791)
Not Found: /camera-preview/12/
- Broken pipe from ('127.0.0.1', 50796)
- Broken pipe from ('127.0.0.1', 50804)
- Broken pipe from ('127.0.0.1', 50807)
- Broken pipe from ('127.0.0.1', 50810)
- Broken pipe from ('127.0.0.1', 50813)
- Broken pipe from ('127.0.0.1', 50815)
- Broken pipe from ('127.0.0.1', 50817)
- Broken pipe from ('127.0.0.1', 50824)
"GET /camera-preview/12/?t=1756633723807 HTTP/1.1" 200 217267
"GET /all-cameras-preview/ HTTP/1.1" 200 142
- Broken pipe from ('127.0.0.1', 50805)
- Broken pipe from ('127.0.0.1', 50809)
- Broken pipe from ('127.0.0.1', 50812)
- Broken pipe from ('127.0.0.1', 50822)
- Broken pipe from ('127.0.0.1', 50790)
- Broken pipe from ('127.0.0.1', 50753)
- Broken pipe from ('127.0.0.1', 50764)
- Broken pipe from ('127.0.0.1', 50729)
- Broken pipe from ('127.0.0.1', 50754)
- Broken pipe from ('127.0.0.1', 50755)
"GET /camera-preview/12/?t=1756633752799 HTTP/1.1" 200 309680
- Broken pipe from ('127.0.0.1', 50771)
"GET /camera-preview/12/?t=1756633754801 HTTP/1.1" 200 271447
"GET /camera-preview/12/?t=1756633756798 HTTP/1.1" 200 265285
"GET /camera-preview/12/?t=1756633758796 HTTP/1.1" 200 274364
"GET /camera-preview/12/?t=1756633760798 HTTP/1.1" 200 282904
"GET /detection-status/ HTTP/1.1" 200 64
"GET /camera-preview/12/?t=1756633770085 HTTP/1.1" 200 108270
"GET /all-cameras-preview/ HTTP/1.1" 200 142
"GET /detection-status/ HTTP/1.1" 200 64
"GET /camera-preview/12/?t=1756633770794 HTTP/1.1" 200 113327
"GET /camera-preview/12/?t=1756633772962 HTTP/1.1" 200 201726
"GET /camera-preview/12/?t=1756633774962 HTTP/1.1" 200 249078
"GET /detection-status/ HTTP/1.1" 200 64
"GET /all-cameras-preview/ HTTP/1.1" 200 142
"GET /camera-preview/12/?t=1756633776950 HTTP/1.1" 200 207936
"GET /detection-status/ HTTP/1.1" 200 64
- Broken pipe from ('127.0.0.1', 50863)
"GET /camera-preview/12/?t=1756633782393 HTTP/1.1" 200 202078
"GET /camera-preview/12/?t=1756633784809 HTTP/1.1" 200 230441
"GET /detection-status/ HTTP/1.1" 200 64
"GET /camera-preview/12/?t=1756633786816 HTTP/1.1" 200 202882
- Broken pipe from ('127.0.0.1', 50862)
"GET /detection-status/ HTTP/1.1" 200 64
"GET /camera-preview/12/?t=1756633790799 HTTP/1.1" 200 201486
"GET /camera-preview/12/?t=1756633792799 HTTP/1.1" 200 182302
"GET /camera-preview/12/?t=1756633794799 HTTP/1.1" 200 308513
"GET /detection-status/ HTTP/1.1" 200 64
"GET /camera-preview/12/?t=1756633796292 HTTP/1.1" 200 329066
"GET /camera-preview/12/?t=1756633798802 HTTP/1.1" 200 248404
"GET /detection-status/ HTTP/1.1" 200 64
"GET /camera-preview/12/?t=1756633800805 HTTP/1.1" 200 245337
"GET /camera-preview/12/?t=1756633802803 HTTP/1.1" 200 245898
"GET /camera-preview/12/?t=1756633804819 HTTP/1.1" 200 258465
"GET /detection-status/ HTTP/1.1" 200 64
"GET /all-cameras-preview/ HTTP/1.1" 200 142
"GET /camera-preview/12/?t=1756633806818 HTTP/1.1" 200 280475
"GET /camera-preview/12/?t=1756633809807 HTTP/1.1" 200 256507
"GET /detection-status/ HTTP/1.1" 200 64
"GET /camera-preview/12/?t=1756633811809 HTTP/1.1" 200 257990
"GET /camera-preview/12/?t=1756633814488 HTTP/1.1" 200 297347
"GET /camera-preview/12/?t=1756633815979 HTTP/1.1" 200 203420
"GET /detection-status/ HTTP/1.1" 200 64
- Broken pipe from ('127.0.0.1', 50823)
"GET /camera-preview/12/?t=1756633819795 HTTP/1.1" 200 236437
"GET /detection-status/ HTTP/1.1" 200 64
"GET /camera-preview/12/?t=1756633821809 HTTP/1.1" 200 204337
"GET /camera-preview/12/?t=1756633823844 HTTP/1.1" 200 212516
"GET /camera-preview/12/?t=1756633825795 HTTP/1.1" 200 174565
"GET /detection-status/ HTTP/1.1" 200 64
"GET /camera-preview/12/?t=1756633827800 HTTP/1.1" 200 161610
"GET /camera-preview/12/?t=1756633829796 HTTP/1.1" 200 174378
"GET /detection-status/ HTTP/1.1" 200 64
"GET /camera-preview/12/?t=1756633831813 HTTP/1.1" 200 113542
"GET /camera-preview/12/?t=1756633833796 HTTP/1.1" 200 37431
"GET /camera-preview/12/?t=1756633835808 HTTP/1.1" 200 37009
"GET /detection-status/ HTTP/1.1" 200 64
"GET /all-cameras-preview/ HTTP/1.1" 200 142
"GET /camera-preview/12/?t=1756633839806 HTTP/1.1" 200 37401
"GET /detection-status/ HTTP/1.1" 200 64
"GET /camera-preview/12/?t=1756633841813 HTTP/1.1" 200 37435
"GET /camera-preview/12/?t=1756633843820 HTTP/1.1" 200 37161
"GET /camera-preview/12/?t=1756633845799 HTTP/1.1" 200 37458
"GET /detection-status/ HTTP/1.1" 200 64
"GET /camera-preview/12/?t=1756633847798 HTTP/1.1" 200 37131
"GET /camera-preview/12/?t=1756633849810 HTTP/1.1" 200 37087
"GET /detection-status/ HTTP/1.1" 200 64
"GET /camera-preview/12/?t=1756633851841 HTTP/1.1" 200 37102
"GET /camera-preview/12/?t=1756633853801 HTTP/1.1" 200 37068
"GET /camera-preview/12/?t=1756633855805 HTTP/1.1" 200 37076
"GET /detection-status/ HTTP/1.1" 200 64
"GET /camera-preview/12/?t=1756633857797 HTTP/1.1" 200 36928
"GET /camera-preview/12/?t=1756633859802 HTTP/1.1" 200 37429
"GET /detection-status/ HTTP/1.1" 200 64
"GET /camera-preview/12/?t=1756633861811 HTTP/1.1" 200 37048
"GET /camera-preview/12/?t=1756633863805 HTTP/1.1" 200 36903
"GET /camera-preview/12/?t=1756633865808 HTTP/1.1" 200 37215
"GET /detection-status/ HTTP/1.1" 200 64
"GET /all-cameras-preview/ HTTP/1.1" 200 142
"GET /camera-preview/12/?t=1756633869803 HTTP/1.1" 200 36966
"GET /detection-status/ HTTP/1.1" 200 64
"GET /camera-preview/12/?t=1756633871799 HTTP/1.1" 200 37318
"GET /camera-preview/12/?t=1756633873800 HTTP/1.1" 200 36943
"GET /camera-preview/12/?t=1756633875017 HTTP/1.1" 200 36998
"GET /detection-status/ HTTP/1.1" 200 64
"GET /camera-preview/12/?t=1756633877020 HTTP/1.1" 200 37124
"GET /camera-preview/12/?t=1756633879694 HTTP/1.1" 200 36920
"GET /detection-status/ HTTP/1.1" 200 64
"GET /camera-preview/12/?t=1756633881024 HTTP/1.1" 200 37065
"GET /camera-preview/12/?t=1756633883804 HTTP/1.1" 200 37146
"GET /camera-preview/12/?t=1756633885797 HTTP/1.1" 200 37271
"GET /detection-status/ HTTP/1.1" 200 64
"GET /camera-preview/12/?t=1756633887810 HTTP/1.1" 200 37037
"GET /camera-preview/12/?t=1756633889803 HTTP/1.1" 200 37067
"GET /detection-status/ HTTP/1.1" 200 64
"GET /camera-preview/12/?t=1756633891807 HTTP/1.1" 200 36813
"GET /camera-preview/12/?t=1756633893800 HTTP/1.1" 200 36957
"GET /camera-preview/12/?t=1756633895815 HTTP/1.1" 200 37385
"GET /detection-status/ HTTP/1.1" 200 64
"GET /all-cameras-preview/ HTTP/1.1" 200 142
"GET /camera-preview/12/?t=1756633897799 HTTP/1.1" 200 36962
"GET /camera-preview/12/ HTTP/1.1" 200 37285
"GET /camera-preview/12/?t=1756633900807 HTTP/1.1" 200 37145
"GET /detection-status/ HTTP/1.1" 200 64
"GET /camera-preview/12/?t=1756633902850 HTTP/1.1" 200 36933
"GET /camera-preview/12/?t=1756633904812 HTTP/1.1" 200 37009
"GET /detection-status/ HTTP/1.1" 200 64
"GET /camera-preview/12/?t=1756633906842 HTTP/1.1" 200 36990
"GET /camera-preview/12/?t=1756633908795 HTTP/1.1" 200 37116
"GET /camera-preview/12/?t=1756633910808 HTTP/1.1" 200 37277
"GET /detection-status/ HTTP/1.1" 200 64
"GET /camera-preview/12/?t=1756633912804 HTTP/1.1" 200 36997
"GET /camera-preview/12/?t=1756633914811 HTTP/1.1" 200 37056
"GET /detection-status/ HTTP/1.1" 200 64
"GET /camera-preview/12/?t=1756633916816 HTTP/1.1" 200 37300
"GET /camera-preview/12/?t=1756633918800 HTTP/1.1" 200 37185
"GET /detection-status/ HTTP/1.1" 200 64
- Broken pipe from ('127.0.0.1', 50891)
"GET /camera-preview/12/?t=1756633922807 HTTP/1.1" 200 37025
"GET /camera-preview/12/?t=1756633924806 HTTP/1.1" 200 37064
"GET /detection-status/ HTTP/1.1" 200 64
"GET /all-cameras-preview/ HTTP/1.1" 200 142
"GET /camera-preview/12/?t=1756633926816 HTTP/1.1" 200 37056
"GET /detection-status/ HTTP/1.1" 200 64
"GET /camera-preview/12/?t=1756633930807 HTTP/1.1" 200 37136
"GET /camera-preview/12/?t=1756633932211 HTTP/1.1" 200 37506
"GET /camera-preview/12/?t=1756633934800 HTTP/1.1" 200 36863
"GET /detection-status/ HTTP/1.1" 200 64
"GET /camera-preview/12/?t=1756633936819 HTTP/1.1" 200 37088
"GET /camera-preview/12/?t=1756633938807 HTTP/1.1" 200 37322
"GET /camera-preview/12/?t=1756633940809 HTTP/1.1" 200 37168
"GET /detection-status/ HTTP/1.1" 200 64
"GET /camera-preview/12/?t=1756633942795 HTTP/1.1" 200 37032
"GET /camera-preview/12/?t=1756633944805 HTTP/1.1" 200 37094
"GET /detection-status/ HTTP/1.1" 200 64
"GET /camera-preview/12/?t=1756633946816 HTTP/1.1" 200 37135
"GET /camera-preview/12/?t=1756633948795 HTTP/1.1" 200 37080
"GET /camera-preview/12/?t=1756633950797 HTTP/1.1" 200 36844
"GET /detection-status/ HTTP/1.1" 200 64
"GET /camera-preview/12/?t=1756633952802 HTTP/1.1" 200 36859
"GET /camera-preview/12/?t=1756633954806 HTTP/1.1" 200 36911
"GET /detection-status/ HTTP/1.1" 200 64
"GET /all-cameras-preview/ HTTP/1.1" 200 142
"GET /camera-preview/12/?t=1756633956807 HTTP/1.1" 200 37036
"GET /camera-preview/12/?t=1756633959803 HTTP/1.1" 200 37185
"GET /detection-status/ HTTP/1.1" 200 64
"GET /camera-preview/12/?t=1756633961799 HTTP/1.1" 200 37029
"GET /camera-preview/12/?t=1756633963798 HTTP/1.1" 200 37126
"GET /camera-preview/12/?t=1756633965806 HTTP/1.1" 200 36898
"GET /detection-status/ HTTP/1.1" 200 64
"GET /camera-preview/12/?t=1756633967814 HTTP/1.1" 200 37223
"GET /camera-preview/12/?t=1756633969806 HTTP/1.1" 200 37003
"GET /detection-status/ HTTP/1.1" 200 64
"GET /camera-preview/12/?t=1756633971839 HTTP/1.1" 200 36891
"GET /camera-preview/12/?t=1756633973797 HTTP/1.1" 200 37241
"GET /camera-preview/12/?t=1756633975934 HTTP/1.1" 200 37209
"GET /detection-status/ HTTP/1.1" 200 64
"GET /camera-preview/12/?t=1756633977797 HTTP/1.1" 200 37136
"GET /camera-preview/12/?t=1756633980298 HTTP/1.1" 200 37218
"GET /detection-status/ HTTP/1.1" 200 64
"GET /camera-preview/12/?t=1756633981816 HTTP/1.1" 200 36768
"GET /camera-preview/12/?t=1756633983802 HTTP/1.1" 200 37444
"GET /camera-preview/12/?t=1756633985805 HTTP/1.1" 200 37251
"GET /detection-status/ HTTP/1.1" 200 64
"GET /all-cameras-preview/ HTTP/1.1" 200 142
"GET /camera-preview/12/?t=1756633989798 HTTP/1.1" 200 37046
"GET /detection-status/ HTTP/1.1" 200 64
"GET /camera-preview/12/?t=1756633991804 HTTP/1.1" 200 36942
"GET /camera-preview/12/?t=1756633993801 HTTP/1.1" 200 37362
"GET /camera-preview/12/?t=1756633995808 HTTP/1.1" 200 37585
"GET /camera-preview/12/?t=1756633997802 HTTP/1.1" 200 36779
"GET /camera-preview/12/?t=1756633999810 HTTP/1.1" 200 36833
"GET /detection-status/ HTTP/1.1" 200 64
"GET /camera-preview/12/?t=1756634021800 HTTP/1.1" 200 37012
"GET /all-cameras-preview/ HTTP/1.1" 200 142
"GET /camera-preview/12/?t=1756634024809 HTTP/1.1" 200 37504
"GET /camera-preview/12/?t=1756634026808 HTTP/1.1" 200 36874
"GET /camera-preview/12/?t=1756634028798 HTTP/1.1" 200 36945
"GET /camera-preview/12/?t=1756634030799 HTTP/1.1" 200 37174
"GET /camera-preview/12/?t=1756634032810 HTTP/1.1" 200 37061
"GET /camera-preview/12/?t=1756634034810 HTTP/1.1" 200 36954
"GET /detection-status/ HTTP/1.1" 200 64
"GET /camera-preview/12/?t=1756634071451 HTTP/1.1" 200 37198
"GET /all-cameras-preview/ HTTP/1.1" 200 142
"GET /camera-preview/12/ HTTP/1.1" 200 36898
"GET /camera-preview/12/?t=1756634074047 HTTP/1.1" 200 37032
"GET /detection-status/ HTTP/1.1" 200 64
"GET /all-cameras-preview/ HTTP/1.1" 200 142
"GET /camera-preview/12/?t=1756634076803 HTTP/1.1" 200 36883
"GET /multi-camera/start/ HTTP/1.1" 200 1023
Not Found: /favicon.ico
"GET /favicon.ico HTTP/1.1" 404 5827
"GET /camera-preview/12/?t=1756634079809 HTTP/1.1" 200 36909
"GET /detection-status/ HTTP/1.1" 200 75
"GET /camera-preview/12/?t=1756634081808 HTTP/1.1" 200 36870
"GET /camera-preview/12/?t=1756634083801 HTTP/1.1" 200 37146
"GET /detection-status/ HTTP/1.1" 200 75
- Broken pipe from ('127.0.0.1', 51020)
"GET /camera-preview/12/?t=1756634087809 HTTP/1.1" 200 37095
"GET /camera-preview/12/?t=1756634089817 HTTP/1.1" 200 37043
"GET /detection-status/ HTTP/1.1" 200 75
"GET /camera-preview/12/?t=1756634091951 HTTP/1.1" 200 37031
"GET /camera-preview/12/?t=1756634093877 HTTP/1.1" 200 37087
"GET /camera-preview/12/?t=1756634095803 HTTP/1.1" 200 37289
"GET /detection-status/ HTTP/1.1" 200 75
"GET /camera-preview/12/?t=1756634097798 HTTP/1.1" 200 37010
"GET /camera-preview/12/?t=1756634099802 HTTP/1.1" 200 36808
"GET /detection-status/ HTTP/1.1" 200 75
"GET /camera-preview/12/?t=1756634101801 HTTP/1.1" 200 37191
"GET /camera-preview/12/?t=1756634103801 HTTP/1.1" 200 36915
"GET /camera-preview/12/?t=1756634105806 HTTP/1.1" 200 37298
"GET /detection-status/ HTTP/1.1" 200 75
"GET /all-cameras-preview/ HTTP/1.1" 200 142
"GET /camera-preview/12/?t=1756634107809 HTTP/1.1" 200 36934
"GET /camera-preview/12/?t=1756634110711 HTTP/1.1" 200 37030
"GET /detection-status/ HTTP/1.1" 200 75
"GET /camera-preview/12/?t=1756634112045 HTTP/1.1" 200 36855
"GET /camera-preview/12/?t=1756634114056 HTTP/1.1" 200 36906
"GET /detection-status/ HTTP/1.1" 200 75
"GET /camera-preview/12/?t=1756634116805 HTTP/1.1" 200 37230
"GET /camera-preview/12/?t=1756634118050 HTTP/1.1" 200 37402
"GET /camera-preview/12/?t=1756634120052 HTTP/1.1" 200 37277
"GET /detection-status/ HTTP/1.1" 200 75
"GET /camera-preview/12/?t=1756634122808 HTTP/1.1" 200 37428
"GET /camera-preview/12/?t=1756634124813 HTTP/1.1" 200 37241
"GET /detection-status/ HTTP/1.1" 200 75
"GET /camera-preview/12/?t=1756634126799 HTTP/1.1" 200 37142
"GET /camera-preview/12/?t=1756634128804 HTTP/1.1" 200 37326
"GET /camera-preview/12/?t=1756634130798 HTTP/1.1" 200 37046
"GET /detection-status/ HTTP/1.1" 200 75
"GET /camera-preview/12/?t=1756634132795 HTTP/1.1" 200 37166
"GET /camera-preview/12/?t=1756634134802 HTTP/1.1" 200 37363
"GET /detection-status/ HTTP/1.1" 200 75
"GET /camera-preview/12/?t=1756634136803 HTTP/1.1" 200 37064
"GET /all-cameras-preview/ HTTP/1.1" 200 142
"GET /detection-status/ HTTP/1.1" 200 75
"GET /camera-preview/12/?t=1756634140799 HTTP/1.1" 200 36875
"GET /camera-preview/12/?t=1756634142800 HTTP/1.1" 200 37096
"GET /camera-preview/12/?t=1756634144802 HTTP/1.1" 200 37314
"GET /detection-status/ HTTP/1.1" 200 75
"GET /camera-preview/12/?t=1756634146803 HTTP/1.1" 200 37050
"GET /camera-preview/12/?t=1756634148806 HTTP/1.1" 200 36847
"GET /camera-preview/12/?t=1756634150808 HTTP/1.1" 200 37262
"GET /detection-status/ HTTP/1.1" 200 75
"GET /camera-preview/12/?t=1756634152798 HTTP/1.1" 200 37188
"GET /camera-preview/12/?t=1756634154811 HTTP/1.1" 200 36884
"GET /detection-status/ HTTP/1.1" 200 75
"GET /camera-preview/12/?t=1756634156801 HTTP/1.1" 200 36950
"GET /camera-preview/12/?t=1756634158898 HTTP/1.1" 200 37050
"GET /camera-preview/12/?t=1756634160804 HTTP/1.1" 200 36955
"GET /detection-status/ HTTP/1.1" 200 75
"GET /camera-preview/12/?t=1756634162807 HTTP/1.1" 200 37217
"GET /camera-preview/12/?t=1756634164808 HTTP/1.1" 200 37373
"GET /detection-status/ HTTP/1.1" 200 75
"GET /all-cameras-preview/ HTTP/1.1" 200 142
"GET /camera-preview/12/?t=1756634166816 HTTP/1.1" 200 36961
"GET /camera-preview/12/?t=1756634169807 HTTP/1.1" 200 37118
"GET /detection-status/ HTTP/1.1" 200 75
"GET /camera-preview/12/?t=1756634171804 HTTP/1.1" 200 37272
"GET /camera-preview/12/?t=1756634173809 HTTP/1.1" 200 37061
"GET /camera-preview/12/?t=1756634175802 HTTP/1.1" 200 37150
"GET /detection-status/ HTTP/1.1" 200 75
"GET /camera-preview/12/?t=1756634177808 HTTP/1.1" 200 37283
"GET /camera-preview/12/?t=1756634179805 HTTP/1.1" 200 37057
"GET /detection-status/ HTTP/1.1" 200 75
"GET /camera-preview/12/?t=1756634201812 HTTP/1.1" 200 36901
"GET /all-cameras-preview/ HTTP/1.1" 200 142
"GET /camera-preview/12/ HTTP/1.1" 200 36940
"GET /camera-preview/12/?t=1756634204805 HTTP/1.1" 200 37203
"GET /camera-preview/12/?t=1756634206809 HTTP/1.1" 200 37206
"GET /camera-preview/12/?t=1756634208805 HTTP/1.1" 200 37348
"GET /camera-preview/12/?t=1756634210799 HTTP/1.1" 200 37219
"GET /camera-preview/12/?t=1756634212809 HTTP/1.1" 200 37072
"GET /camera-preview/12/?t=1756634214809 HTTP/1.1" 200 36835
"GET /detection-status/ HTTP/1.1" 200 75
"GET /camera-preview/12/?t=1756634261876 HTTP/1.1" 200 37071
"GET /all-cameras-preview/ HTTP/1.1" 200 142
"GET /camera-preview/12/?t=1756634264799 HTTP/1.1" 200 37062
"GET /camera-preview/12/?t=1756634266802 HTTP/1.1" 200 37290
"GET /camera-preview/12/?t=1756634268795 HTTP/1.1" 200 37160
"GET /camera-preview/12/?t=1756634270801 HTTP/1.1" 200 37309
"GET /camera-preview/12/?t=1756634272796 HTTP/1.1" 200 37181
"GET /camera-preview/12/?t=1756634274811 HTTP/1.1" 200 37037
"GET /detection-status/ HTTP/1.1" 200 75
Not Found: /camera-preview/12/
"GET /camera-preview/12/?t=1756634321813 HTTP/1.1" 404 0
"GET /all-cameras-preview/ HTTP/1.1" 200 149
"GET /detection-status/ HTTP/1.1" 200 75
"GET /cameras/delete/12/ HTTP/1.1" 200 721
"POST /cameras/delete/12/ HTTP/1.1" 302 0
"GET /cameras/ HTTP/1.1" 200 8648
"GET /detection-status/ HTTP/1.1" 200 75
"GET /detection-status/ HTTP/1.1" 200 75
"GET /all-cameras-preview/ HTTP/1.1" 200 149
"GET /all-cameras-preview/ HTTP/1.1" 200 2
"GET /detection-status/ HTTP/1.1" 200 75
"GET /detection-status/ HTTP/1.1" 200 75
"GET /cameras/add/ HTTP/1.1" 200 2157
"GET /detection-status/ HTTP/1.1" 200 75
"GET /all-cameras-preview/ HTTP/1.1" 200 2
Not Found: /cameras/delete/11/
"GET /cameras/delete/11/ HTTP/1.1" 404 4377
"GET /detection-status/ HTTP/1.1" 200 75
"GET /all-cameras-preview/ HTTP/1.1" 200 2
"GET /detection-status/ HTTP/1.1" 200 75
"GET /all-cameras-preview/ HTTP/1.1" 200 2
Not Found: /cameras/delete/10/
"GET /cameras/delete/10/ HTTP/1.1" 404 4377
"GET /all-cameras-preview/ HTTP/1.1" 200 2
"GET /detection-status/ HTTP/1.1" 200 75
Not Found: /cameras/edit/10/
"GET /cameras/edit/10/ HTTP/1.1" 404 4167
"GET /detection-status/ HTTP/1.1" 200 75
"GET /all-cameras-preview/ HTTP/1.1" 200 2
"GET /detection-status/ HTTP/1.1" 200 75
"GET /all-cameras-preview/ HTTP/1.1" 200 2
"GET /detection-status/ HTTP/1.1" 200 75
"GET /all-cameras-preview/ HTTP/1.1" 200 2
"GET /detection-status/ HTTP/1.1" 200 75
"GET /all-cameras-preview/ HTTP/1.1" 200 2
"GET /detection-status/ HTTP/1.1" 200 75
"GET /all-cameras-preview/ HTTP/1.1" 200 2
"GET /detection-status/ HTTP/1.1" 200 75
"GET /all-cameras-preview/ HTTP/1.1" 200 2
"GET /all-cameras-preview/ HTTP/1.1" 200 2
"GET /detection-status/ HTTP/1.1" 200 75
Not Found: /cameras/delete/9/
"GET /cameras/delete/9/ HTTP/1.1" 404 4374
"GET /detection-status/ HTTP/1.1" 200 75
"GET /all-cameras-preview/ HTTP/1.1" 200 2
"GET /detection-status/ HTTP/1.1" 200 75
"GET /admin/missingperson/camera/ HTTP/1.1" 200 10607
"GET /admin/jsi18n/ HTTP/1.1" 200 3342
"GET /detection-status/ HTTP/1.1" 200 75
"POST /admin/missingperson/camera/ HTTP/1.1" 200 9400
"GET /detection-status/ HTTP/1.1" 200 75
"POST /admin/missingperson/camera/ HTTP/1.1" 302 0
"GET /admin/missingperson/camera/ HTTP/1.1" 200 9441
"GET /admin/jsi18n/ HTTP/1.1" 200 3342
"GET /detection-status/ HTTP/1.1" 200 75
Watching for file changes with StatReloader
"GET / HTTP/1.1" 200 16434
"GET /static/assets/css/style.css HTTP/1.1" 200 22847
"GET /media/img/hero-img.png HTTP/1.1" 200 89173
"GET /media/img/favicon.png HTTP/1.1" 200 491
"GET /cameras/ HTTP/1.1" 200 8370
"GET /detection-status/ HTTP/1.1" 200 64
"GET /all-cameras-preview/ HTTP/1.1" 200 2
Not Found: /favicon.ico
"GET /favicon.ico HTTP/1.1" 404 5467
"GET /detection-status/ HTTP/1.1" 200 64
